#
# There is insufficient memory for the Java Runtime Environment to continue.
# Native memory allocation (mmap) failed to map 163577856 bytes for committing reserved memory.
# Possible reasons:
#   The system is out of physical RAM or swap space
#   The process is running with CompressedOops enabled, and the Java Heap may be blocking the growth of the native heap
# Possible solutions:
#   Reduce memory load on the system
#   Increase physical memory or swap space
#   Check if swap backing store is full
#   Decrease Java heap size (-Xmx/-Xms)
#   Decrease number of Java threads
#   Decrease Java thread stack sizes (-Xss)
#   Set larger code cache with -XX:ReservedCodeCacheSize=
#   JVM is running with Unscaled Compressed Oops mode in which the Java heap is
#     placed in the first 4GB address space. The Java Heap base address is the
#     maximum limit for the native heap growth. Please use -XX:HeapBaseMinAddress
#     to set the Java Heap base and to place the Java Heap above 4GB virtual address.
# This output file may be truncated or incomplete.
#
#  Out of Memory Error (os_linux.cpp:2659), pid=9009, tid=9022
#
# JRE version: Java(TM) SE Runtime Environment (12.0.2+10) (build 12.0.2+10)
# Java VM: Java HotSpot(TM) 64-Bit Server VM (12.0.2+10, mixed mode, sharing, tiered, compressed oops, g1 gc, linux-amd64)
# Core dump will be written. Default location: Core dumps may be processed with "/usr/share/apport/apport %p %s %c %d %P" (or dumping to /home/adham/Desktop/transferdata/core.9009)
#

---------------  S U M M A R Y ------------

Command Line: -javaagent:/home/adham/.local/share/JetBrains/Toolbox/apps/IDEA-U/ch-0/192.6603.28/lib/idea_rt.jar=38611:/home/adham/.local/share/JetBrains/Toolbox/apps/IDEA-U/ch-0/192.6603.28/bin -Dfile.encoding=UTF-8 Main

Host: Intel(R) Core(TM) i5-6360U CPU @ 2.00GHz, 2 cores, 3G, Ubuntu 18.04.3 LTS
Time: Tue Oct 29 11:25:03 2019 IST elapsed time: 6 seconds (0d 0h 0m 6s)

---------------  T H R E A D  ---------------

Current thread (0x00007f44a0101000):  VMThread "VM Thread" [stack: 0x00007f44a4542000,0x00007f44a4642000] [id=9022]

Stack: [0x00007f44a4542000,0x00007f44a4642000],  sp=0x00007f44a463ff40,  free space=1015k
Native frames: (J=compiled Java code, A=aot compiled Java code, j=interpreted, Vv=VM code, C=native code)
V  [libjvm.so+0xe429e0]  VMError::report_and_die(int, char const*, char const*, __va_list_tag*, Thread*, unsigned char*, void*, void*, char const*, int, unsigned long)+0x310
V  [libjvm.so+0xe435ab]  VMError::report_and_die(Thread*, char const*, int, unsigned long, VMErrorType, char const*, __va_list_tag*)+0x2b
V  [libjvm.so+0x65d4b5]  report_vm_out_of_memory(char const*, int, unsigned long, VMErrorType, char const*, ...)+0xd5
V  [libjvm.so+0xbf7f38]  os::pd_commit_memory_or_exit(char*, unsigned long, unsigned long, bool, char const*)+0x108
V  [libjvm.so+0xbef71d]  os::commit_memory_or_exit(char*, unsigned long, unsigned long, bool, char const*)+0x1d
V  [libjvm.so+0x786ecc]  G1PageBasedVirtualSpace::commit_preferred_pages(unsigned long, unsigned long)+0x6c
V  [libjvm.so+0x787264]  G1PageBasedVirtualSpace::commit(unsigned long, unsigned long)+0x154
V  [libjvm.so+0x795030]  G1RegionsLargerThanCommitSizeMapper::commit_regions(unsigned int, unsigned long, WorkGang*)+0x40
V  [libjvm.so+0x8164b0]  HeapRegionManager::commit_regions(unsigned int, unsigned long, WorkGang*)+0x80
V  [libjvm.so+0x81720f]  HeapRegionManager::make_regions_available(unsigned int, unsigned int, WorkGang*)+0x3f
V  [libjvm.so+0x817789]  HeapRegionManager::expand_at(unsigned int, unsigned int, WorkGang*)+0x119
V  [libjvm.so+0x73c5f0]  G1CollectedHeap::expand(unsigned long, WorkGang*, double*)+0xe0
V  [libjvm.so+0x741b12]  G1CollectedHeap::do_collection_pause_at_safepoint(double)+0x9d2
V  [libjvm.so+0x7a8521]  VM_G1CollectForAllocation::doit()+0x81
V  [libjvm.so+0xe44fc7]  VM_Operation::evaluate()+0xe7
V  [libjvm.so+0xe4aebf]  VMThread::evaluate_operation(VM_Operation*) [clone .constprop.63]+0xff
V  [libjvm.so+0xe4b421]  VMThread::loop()+0x411
V  [libjvm.so+0xe4b873]  VMThread::run()+0x73
V  [libjvm.so+0xdd0b8f]  Thread::call_run()+0x16f
V  [libjvm.so+0xbfdc6e]  thread_native_entry(Thread*)+0xee

VM_Operation (0x00007f44aa252320): G1CollectForAllocation, mode: safepoint, requested by thread 0x00007f44a0013800


---------------  P R O C E S S  ---------------

Threads class SMR info:
_java_thread_list=0x00007f44640029c0, length=11, elements={
0x00007f44a0013800, 0x00007f44a0104000, 0x00007f44a0106000, 0x00007f44a010b000,
0x00007f44a010d000, 0x00007f44a010f800, 0x00007f44a0111800, 0x00007f44a0120000,
0x00007f44a01f1000, 0x00007f44a01f2000, 0x00007f4464001000
}

Java Threads: ( => current thread )
  0x00007f44a0013800 JavaThread "main" [_thread_blocked, id=9011, stack(0x00007f44aa154000,0x00007f44aa255000)]
  0x00007f44a0104000 JavaThread "Reference Handler" daemon [_thread_blocked, id=9024, stack(0x00007f44a443f000,0x00007f44a4540000)]
  0x00007f44a0106000 JavaThread "Finalizer" daemon [_thread_blocked, id=9026, stack(0x00007f44a433e000,0x00007f44a443f000)]
  0x00007f44a010b000 JavaThread "Signal Dispatcher" daemon [_thread_blocked, id=9030, stack(0x00007f44a423d000,0x00007f44a433e000)]
  0x00007f44a010d000 JavaThread "C2 CompilerThread0" daemon [_thread_blocked, id=9031, stack(0x00007f44a413c000,0x00007f44a423d000)]
  0x00007f44a010f800 JavaThread "C1 CompilerThread0" daemon [_thread_blocked, id=9032, stack(0x00007f44a403b000,0x00007f44a413c000)]
  0x00007f44a0111800 JavaThread "Sweeper thread" daemon [_thread_blocked, id=9033, stack(0x00007f4484945000,0x00007f4484a46000)]
  0x00007f44a0120000 JavaThread "Common-Cleaner" daemon [_thread_blocked, id=9038, stack(0x00007f4484844000,0x00007f4484945000)]
  0x00007f44a01f1000 JavaThread "Monitor Ctrl-Break" daemon [_thread_in_native, id=9040, stack(0x00007f4484319000,0x00007f448441a000)]
  0x00007f44a01f2000 JavaThread "Service Thread" daemon [_thread_blocked, id=9041, stack(0x00007f4484218000,0x00007f4484319000)]
  0x00007f4464001000 JavaThread "Attach Listener" daemon [_thread_blocked, id=9045, stack(0x00007f444fcfc000,0x00007f444fdfd000)]

Other Threads:
=>0x00007f44a0101000 VMThread "VM Thread" [stack: 0x00007f44a4542000,0x00007f44a4642000] [id=9022]
  0x00007f44a01f4000 WatcherThread [stack: 0x00007f4484118000,0x00007f4484218000] [id=9042]
  0x00007f44a0050800 GCTaskThread "GC Thread#0" [stack: 0x00007f44a4ccf000,0x00007f44a4dcf000] [id=9013]
  0x00007f4468001000 GCTaskThread "GC Thread#1" [stack: 0x00007f4484016000,0x00007f4484116000] [id=9043]
  0x00007f44a0058800 ConcurrentGCThread "G1 Main Marker" [stack: 0x00007f44a4bcd000,0x00007f44a4ccd000] [id=9014]
  0x00007f44a005a800 ConcurrentGCThread "G1 Conc#0" [stack: 0x00007f44a4acb000,0x00007f44a4bcb000] [id=9015]
  0x00007f44a0095000 ConcurrentGCThread "G1 Refine#0" [stack: 0x00007f44a47c7000,0x00007f44a48c7000] [id=9016]
  0x00007f44a0097000 ConcurrentGCThread "G1 Young RemSet Sampling" [stack: 0x00007f44a46c5000,0x00007f44a47c5000] [id=9017]

Threads with active compile tasks:
C2 CompilerThread0  1587       4       org.apache.xmlbeans.QNameCache::getName (131 bytes)

VM state:at safepoint (normal execution)

VM Mutex/Monitor currently owned by a thread:  ([mutex/lock_event])
[0x00007f44a000f630] Threads_lock - owner thread: 0x00007f44a0101000
[0x00007f44a000fe10] Heap_lock - owner thread: 0x00007f44a0013800

Heap address: 0x00000000c2600000, size: 986 MB, Compressed Oops mode: 32-bit
Narrow klass base: 0x0000000800000000, Narrow klass shift: 3
Compressed class space size: 1073741824 Address: 0x000000080110c000

Heap:
 garbage-first heap   total 374784K, used 150764K [0x00000000c2600000, 0x0000000100000000)
  region size 1024K, 3 young (3072K), 3 survivors (3072K)
 Metaspace       used 8291K, capacity 8761K, committed 8960K, reserved 1056768K
  class space    used 873K, capacity 957K, committed 1024K, reserved 1048576K
Heap Regions: E=young(eden), S=young(survivor), O=old, HS=humongous(starts), HC=humongous(continues), CS=collection set, F=free, A=archive, TAMS=top-at-mark-start (previous, next)
|   0|0x00000000c2600000, 0x00000000c2700000, 0x00000000c2700000|100%|HS|  |TAMS 0x00000000c2700000, 0x00000000c2600000| Complete 
|   1|0x00000000c2700000, 0x00000000c2800000, 0x00000000c2800000|100%| O|  |TAMS 0x00000000c2800000, 0x00000000c2700000| Untracked 
|   2|0x00000000c2800000, 0x00000000c2900000, 0x00000000c2900000|100%|HS|  |TAMS 0x00000000c2900000, 0x00000000c2800000| Complete 
|   3|0x00000000c2900000, 0x00000000c2a00000, 0x00000000c2a00000|100%|HC|  |TAMS 0x00000000c2a00000, 0x00000000c2900000| Complete 
|   4|0x00000000c2a00000, 0x00000000c2b00000, 0x00000000c2b00000|100%|HC|  |TAMS 0x00000000c2b00000, 0x00000000c2a00000| Complete 
|   5|0x00000000c2b00000, 0x00000000c2c00000, 0x00000000c2c00000|100%|HC|  |TAMS 0x00000000c2c00000, 0x00000000c2b00000| Complete 
|   6|0x00000000c2c00000, 0x00000000c2d00000, 0x00000000c2d00000|100%|HC|  |TAMS 0x00000000c2d00000, 0x00000000c2c00000| Complete 
|   7|0x00000000c2d00000, 0x00000000c2e00000, 0x00000000c2e00000|100%|HC|  |TAMS 0x00000000c2e00000, 0x00000000c2d00000| Complete 
|   8|0x00000000c2e00000, 0x00000000c2f00000, 0x00000000c2f00000|100%|HC|  |TAMS 0x00000000c2f00000, 0x00000000c2e00000| Complete 
|   9|0x00000000c2f00000, 0x00000000c3000000, 0x00000000c3000000|100%|HC|  |TAMS 0x00000000c3000000, 0x00000000c2f00000| Complete 
|  10|0x00000000c3000000, 0x00000000c3100000, 0x00000000c3100000|100%|HC|  |TAMS 0x00000000c3100000, 0x00000000c3000000| Complete 
|  11|0x00000000c3100000, 0x00000000c3200000, 0x00000000c3200000|100%|HC|  |TAMS 0x00000000c3200000, 0x00000000c3100000| Complete 
|  12|0x00000000c3200000, 0x00000000c3300000, 0x00000000c3300000|100%|HC|  |TAMS 0x00000000c3300000, 0x00000000c3200000| Complete 
|  13|0x00000000c3300000, 0x00000000c3400000, 0x00000000c3400000|100%|HC|  |TAMS 0x00000000c3400000, 0x00000000c3300000| Complete 
|  14|0x00000000c3400000, 0x00000000c3500000, 0x00000000c3500000|100%|HC|  |TAMS 0x00000000c3500000, 0x00000000c3400000| Complete 
|  15|0x00000000c3500000, 0x00000000c3600000, 0x00000000c3600000|100%| O|  |TAMS 0x00000000c3600000, 0x00000000c3500000| Untracked 
|  16|0x00000000c3600000, 0x00000000c3700000, 0x00000000c3700000|100%| O|  |TAMS 0x00000000c3700000, 0x00000000c3600000| Untracked 
|  17|0x00000000c3700000, 0x00000000c3800000, 0x00000000c3800000|100%| O|  |TAMS 0x00000000c3800000, 0x00000000c3700000| Untracked 
|  18|0x00000000c3800000, 0x00000000c3900000, 0x00000000c3900000|100%| O|  |TAMS 0x00000000c3900000, 0x00000000c3800000| Untracked 
|  19|0x00000000c3900000, 0x00000000c3a00000, 0x00000000c3a00000|100%| O|  |TAMS 0x00000000c3a00000, 0x00000000c3900000| Untracked 
|  20|0x00000000c3a00000, 0x00000000c3b00000, 0x00000000c3b00000|100%| O|  |TAMS 0x00000000c3b00000, 0x00000000c3a00000| Untracked 
|  21|0x00000000c3b00000, 0x00000000c3c00000, 0x00000000c3c00000|100%| O|  |TAMS 0x00000000c3c00000, 0x00000000c3b00000| Untracked 
|  22|0x00000000c3c00000, 0x00000000c3d00000, 0x00000000c3d00000|100%| O|  |TAMS 0x00000000c3d00000, 0x00000000c3c00000| Untracked 
|  23|0x00000000c3d00000, 0x00000000c3e00000, 0x00000000c3e00000|100%| O|  |TAMS 0x00000000c3e00000, 0x00000000c3d00000| Untracked 
|  24|0x00000000c3e00000, 0x00000000c3f00000, 0x00000000c3f00000|100%| O|  |TAMS 0x00000000c3f00000, 0x00000000c3e00000| Untracked 
|  25|0x00000000c3f00000, 0x00000000c4000000, 0x00000000c4000000|100%| O|  |TAMS 0x00000000c4000000, 0x00000000c3f00000| Untracked 
|  26|0x00000000c4000000, 0x00000000c4100000, 0x00000000c4100000|100%| O|  |TAMS 0x00000000c4100000, 0x00000000c4000000| Untracked 
|  27|0x00000000c4100000, 0x00000000c4200000, 0x00000000c4200000|100%| O|  |TAMS 0x00000000c4200000, 0x00000000c4100000| Untracked 
|  28|0x00000000c4200000, 0x00000000c4300000, 0x00000000c4300000|100%| O|  |TAMS 0x00000000c4300000, 0x00000000c4200000| Untracked 
|  29|0x00000000c4300000, 0x00000000c4400000, 0x00000000c4400000|100%| O|  |TAMS 0x00000000c4400000, 0x00000000c4300000| Untracked 
|  30|0x00000000c4400000, 0x00000000c4500000, 0x00000000c4500000|100%| O|  |TAMS 0x00000000c4500000, 0x00000000c4400000| Untracked 
|  31|0x00000000c4500000, 0x00000000c4600000, 0x00000000c4600000|100%| O|  |TAMS 0x00000000c4600000, 0x00000000c4500000| Untracked 
|  32|0x00000000c4600000, 0x00000000c4700000, 0x00000000c4700000|100%| O|  |TAMS 0x00000000c4700000, 0x00000000c4600000| Untracked 
|  33|0x00000000c4700000, 0x00000000c4800000, 0x00000000c4800000|100%| O|  |TAMS 0x00000000c4800000, 0x00000000c4700000| Untracked 
|  34|0x00000000c4800000, 0x00000000c4900000, 0x00000000c4900000|100%| O|  |TAMS 0x00000000c4900000, 0x00000000c4800000| Untracked 
|  35|0x00000000c4900000, 0x00000000c4a00000, 0x00000000c4a00000|100%| O|  |TAMS 0x00000000c4a00000, 0x00000000c4900000| Untracked 
|  36|0x00000000c4a00000, 0x00000000c4b00000, 0x00000000c4b00000|100%| O|  |TAMS 0x00000000c4b00000, 0x00000000c4a00000| Untracked 
|  37|0x00000000c4b00000, 0x00000000c4c00000, 0x00000000c4c00000|100%| O|  |TAMS 0x00000000c4c00000, 0x00000000c4b00000| Untracked 
|  38|0x00000000c4c00000, 0x00000000c4d00000, 0x00000000c4d00000|100%| O|  |TAMS 0x00000000c4d00000, 0x00000000c4c00000| Untracked 
|  39|0x00000000c4d00000, 0x00000000c4e00000, 0x00000000c4e00000|100%| O|  |TAMS 0x00000000c4e00000, 0x00000000c4d00000| Untracked 
|  40|0x00000000c4e00000, 0x00000000c4f00000, 0x00000000c4f00000|100%| O|  |TAMS 0x00000000c4f00000, 0x00000000c4e00000| Untracked 
|  41|0x00000000c4f00000, 0x00000000c5000000, 0x00000000c5000000|100%| O|  |TAMS 0x00000000c5000000, 0x00000000c4f00000| Untracked 
|  42|0x00000000c5000000, 0x00000000c5100000, 0x00000000c5100000|100%| O|  |TAMS 0x00000000c5100000, 0x00000000c5000000| Untracked 
|  43|0x00000000c5100000, 0x00000000c5200000, 0x00000000c5200000|100%| O|  |TAMS 0x00000000c5200000, 0x00000000c5100000| Untracked 
|  44|0x00000000c5200000, 0x00000000c5300000, 0x00000000c5300000|100%| O|  |TAMS 0x00000000c5300000, 0x00000000c5200000| Untracked 
|  45|0x00000000c5300000, 0x00000000c5400000, 0x00000000c5400000|100%| O|  |TAMS 0x00000000c5400000, 0x00000000c5300000| Untracked 
|  46|0x00000000c5400000, 0x00000000c5500000, 0x00000000c5500000|100%| O|  |TAMS 0x00000000c5500000, 0x00000000c5400000| Untracked 
|  47|0x00000000c5500000, 0x00000000c5600000, 0x00000000c5600000|100%| O|  |TAMS 0x00000000c5600000, 0x00000000c5500000| Untracked 
|  48|0x00000000c5600000, 0x00000000c5700000, 0x00000000c5700000|100%| O|  |TAMS 0x00000000c5700000, 0x00000000c5600000| Untracked 
|  49|0x00000000c5700000, 0x00000000c5800000, 0x00000000c5800000|100%| O|  |TAMS 0x00000000c5800000, 0x00000000c5700000| Untracked 
|  50|0x00000000c5800000, 0x00000000c5900000, 0x00000000c5900000|100%| O|  |TAMS 0x00000000c5900000, 0x00000000c5800000| Untracked 
|  51|0x00000000c5900000, 0x00000000c5a00000, 0x00000000c5a00000|100%| O|  |TAMS 0x00000000c5a00000, 0x00000000c5900000| Untracked 
|  52|0x00000000c5a00000, 0x00000000c5b00000, 0x00000000c5b00000|100%| O|  |TAMS 0x00000000c5b00000, 0x00000000c5a00000| Untracked 
|  53|0x00000000c5b00000, 0x00000000c5c00000, 0x00000000c5c00000|100%| O|  |TAMS 0x00000000c5c00000, 0x00000000c5b00000| Untracked 
|  54|0x00000000c5c00000, 0x00000000c5d00000, 0x00000000c5d00000|100%| O|  |TAMS 0x00000000c5d00000, 0x00000000c5c00000| Untracked 
|  55|0x00000000c5d00000, 0x00000000c5e00000, 0x00000000c5e00000|100%| O|  |TAMS 0x00000000c5e00000, 0x00000000c5d00000| Untracked 
|  56|0x00000000c5e00000, 0x00000000c5f00000, 0x00000000c5f00000|100%| O|  |TAMS 0x00000000c5f00000, 0x00000000c5e00000| Untracked 
|  57|0x00000000c5f00000, 0x00000000c6000000, 0x00000000c6000000|100%| O|  |TAMS 0x00000000c6000000, 0x00000000c5f00000| Untracked 
|  58|0x00000000c6000000, 0x00000000c6100000, 0x00000000c6100000|100%| O|  |TAMS 0x00000000c6100000, 0x00000000c6000000| Untracked 
|  59|0x00000000c6100000, 0x00000000c6200000, 0x00000000c6200000|100%| O|  |TAMS 0x00000000c6200000, 0x00000000c6100000| Untracked 
|  60|0x00000000c6200000, 0x00000000c6300000, 0x00000000c6300000|100%| O|  |TAMS 0x00000000c6300000, 0x00000000c6200000| Untracked 
|  61|0x00000000c6300000, 0x00000000c6400000, 0x00000000c6400000|100%| O|  |TAMS 0x00000000c6400000, 0x00000000c6300000| Untracked 
|  62|0x00000000c6400000, 0x00000000c6500000, 0x00000000c6500000|100%| O|  |TAMS 0x00000000c6500000, 0x00000000c6400000| Untracked 
|  63|0x00000000c6500000, 0x00000000c6600000, 0x00000000c6600000|100%| O|  |TAMS 0x00000000c6600000, 0x00000000c6500000| Untracked 
|  64|0x00000000c6600000, 0x00000000c6700000, 0x00000000c6700000|100%| O|  |TAMS 0x00000000c6700000, 0x00000000c6600000| Untracked 
|  65|0x00000000c6700000, 0x00000000c6800000, 0x00000000c6800000|100%| O|  |TAMS 0x00000000c6800000, 0x00000000c6700000| Untracked 
|  66|0x00000000c6800000, 0x00000000c6900000, 0x00000000c6900000|100%| O|  |TAMS 0x00000000c6900000, 0x00000000c6800000| Untracked 
|  67|0x00000000c6900000, 0x00000000c6a00000, 0x00000000c6a00000|100%| O|  |TAMS 0x00000000c6a00000, 0x00000000c6900000| Untracked 
|  68|0x00000000c6a00000, 0x00000000c6b00000, 0x00000000c6b00000|100%| O|  |TAMS 0x00000000c6b00000, 0x00000000c6a00000| Untracked 
|  69|0x00000000c6b00000, 0x00000000c6c00000, 0x00000000c6c00000|100%| O|  |TAMS 0x00000000c6c00000, 0x00000000c6b00000| Untracked 
|  70|0x00000000c6c00000, 0x00000000c6d00000, 0x00000000c6d00000|100%| O|  |TAMS 0x00000000c6d00000, 0x00000000c6c00000| Untracked 
|  71|0x00000000c6d00000, 0x00000000c6e00000, 0x00000000c6e00000|100%| O|  |TAMS 0x00000000c6e00000, 0x00000000c6d00000| Untracked 
|  72|0x00000000c6e00000, 0x00000000c6f00000, 0x00000000c6f00000|100%| O|  |TAMS 0x00000000c6f00000, 0x00000000c6e00000| Untracked 
|  73|0x00000000c6f00000, 0x00000000c7000000, 0x00000000c7000000|100%| O|  |TAMS 0x00000000c7000000, 0x00000000c6f00000| Untracked 
|  74|0x00000000c7000000, 0x00000000c7100000, 0x00000000c7100000|100%| O|  |TAMS 0x00000000c7100000, 0x00000000c7000000| Untracked 
|  75|0x00000000c7100000, 0x00000000c7200000, 0x00000000c7200000|100%| O|  |TAMS 0x00000000c7200000, 0x00000000c7100000| Untracked 
|  76|0x00000000c7200000, 0x00000000c7300000, 0x00000000c7300000|100%| O|  |TAMS 0x00000000c7200000, 0x00000000c7200000| Untracked 
|  77|0x00000000c7300000, 0x00000000c7400000, 0x00000000c7400000|100%| O|  |TAMS 0x00000000c7400000, 0x00000000c7300000| Untracked 
|  78|0x00000000c7400000, 0x00000000c7500000, 0x00000000c7500000|100%| O|  |TAMS 0x00000000c7500000, 0x00000000c7400000| Untracked 
|  79|0x00000000c7500000, 0x00000000c7600000, 0x00000000c7600000|100%| O|  |TAMS 0x00000000c7600000, 0x00000000c7500000| Untracked 
|  80|0x00000000c7600000, 0x00000000c7700000, 0x00000000c7700000|100%| O|  |TAMS 0x00000000c7700000, 0x00000000c7600000| Untracked 
|  81|0x00000000c7700000, 0x00000000c7800000, 0x00000000c7800000|100%| O|  |TAMS 0x00000000c7800000, 0x00000000c7700000| Untracked 
|  82|0x00000000c7800000, 0x00000000c7900000, 0x00000000c7900000|100%| O|  |TAMS 0x00000000c7900000, 0x00000000c7800000| Untracked 
|  83|0x00000000c7900000, 0x00000000c7a00000, 0x00000000c7a00000|100%| O|  |TAMS 0x00000000c7a00000, 0x00000000c7900000| Untracked 
|  84|0x00000000c7a00000, 0x00000000c7b00000, 0x00000000c7b00000|100%| O|  |TAMS 0x00000000c7b00000, 0x00000000c7a00000| Untracked 
|  85|0x00000000c7b00000, 0x00000000c7c00000, 0x00000000c7c00000|100%| O|  |TAMS 0x00000000c7c00000, 0x00000000c7b00000| Untracked 
|  86|0x00000000c7c00000, 0x00000000c7d00000, 0x00000000c7d00000|100%| O|  |TAMS 0x00000000c7d00000, 0x00000000c7c00000| Untracked 
|  87|0x00000000c7d00000, 0x00000000c7e00000, 0x00000000c7e00000|100%| O|  |TAMS 0x00000000c7d80000, 0x00000000c7d00000| Untracked 
|  88|0x00000000c7e00000, 0x00000000c7f00000, 0x00000000c7f00000|100%| O|  |TAMS 0x00000000c7e00000, 0x00000000c7e00000| Untracked 
|  89|0x00000000c7f00000, 0x00000000c8000000, 0x00000000c8000000|100%| O|  |TAMS 0x00000000c7f00000, 0x00000000c7f00000| Untracked 
|  90|0x00000000c8000000, 0x00000000c8100000, 0x00000000c8100000|100%| O|  |TAMS 0x00000000c8000000, 0x00000000c8000000| Untracked 
|  91|0x00000000c8100000, 0x00000000c8200000, 0x00000000c8200000|100%| O|  |TAMS 0x00000000c8100000, 0x00000000c8100000| Untracked 
|  92|0x00000000c8200000, 0x00000000c8300000, 0x00000000c8300000|100%| O|  |TAMS 0x00000000c8200000, 0x00000000c8200000| Untracked 
|  93|0x00000000c8300000, 0x00000000c8400000, 0x00000000c8400000|100%| O|  |TAMS 0x00000000c8300000, 0x00000000c8300000| Untracked 
|  94|0x00000000c8400000, 0x00000000c8500000, 0x00000000c8500000|100%| O|  |TAMS 0x00000000c8400000, 0x00000000c8400000| Untracked 
|  95|0x00000000c8500000, 0x00000000c8600000, 0x00000000c8600000|100%| O|  |TAMS 0x00000000c8500000, 0x00000000c8500000| Untracked 
|  96|0x00000000c8600000, 0x00000000c8700000, 0x00000000c8700000|100%| O|  |TAMS 0x00000000c8600000, 0x00000000c8600000| Untracked 
|  97|0x00000000c8700000, 0x00000000c8800000, 0x00000000c8800000|100%| O|  |TAMS 0x00000000c8700000, 0x00000000c8700000| Untracked 
|  98|0x00000000c8800000, 0x00000000c8900000, 0x00000000c8900000|100%| O|  |TAMS 0x00000000c8800000, 0x00000000c8800000| Untracked 
|  99|0x00000000c8900000, 0x00000000c8a00000, 0x00000000c8a00000|100%| O|  |TAMS 0x00000000c8900000, 0x00000000c8900000| Untracked 
| 100|0x00000000c8a00000, 0x00000000c8b00000, 0x00000000c8b00000|100%| O|  |TAMS 0x00000000c8a00000, 0x00000000c8a00000| Untracked 
| 101|0x00000000c8b00000, 0x00000000c8c00000, 0x00000000c8c00000|100%| O|  |TAMS 0x00000000c8b00000, 0x00000000c8b00000| Untracked 
| 102|0x00000000c8c00000, 0x00000000c8d00000, 0x00000000c8d00000|100%| O|  |TAMS 0x00000000c8c00000, 0x00000000c8c00000| Untracked 
| 103|0x00000000c8d00000, 0x00000000c8e00000, 0x00000000c8e00000|100%| O|  |TAMS 0x00000000c8d00000, 0x00000000c8d00000| Untracked 
| 104|0x00000000c8e00000, 0x00000000c8f00000, 0x00000000c8f00000|100%| O|  |TAMS 0x00000000c8e00000, 0x00000000c8e00000| Untracked 
| 105|0x00000000c8f00000, 0x00000000c9000000, 0x00000000c9000000|100%| O|  |TAMS 0x00000000c8f00000, 0x00000000c8f00000| Untracked 
| 106|0x00000000c9000000, 0x00000000c9100000, 0x00000000c9100000|100%| O|  |TAMS 0x00000000c9000000, 0x00000000c9000000| Untracked 
| 107|0x00000000c9100000, 0x00000000c9200000, 0x00000000c9200000|100%| O|  |TAMS 0x00000000c9100000, 0x00000000c9100000| Untracked 
| 108|0x00000000c9200000, 0x00000000c9300000, 0x00000000c9300000|100%| O|  |TAMS 0x00000000c9200000, 0x00000000c9200000| Untracked 
| 109|0x00000000c9300000, 0x00000000c9400000, 0x00000000c9400000|100%| O|  |TAMS 0x00000000c9300000, 0x00000000c9300000| Untracked 
| 110|0x00000000c9400000, 0x00000000c9500000, 0x00000000c9500000|100%| O|  |TAMS 0x00000000c9400000, 0x00000000c9400000| Untracked 
| 111|0x00000000c9500000, 0x00000000c9600000, 0x00000000c9600000|100%| O|  |TAMS 0x00000000c9500000, 0x00000000c9500000| Untracked 
| 112|0x00000000c9600000, 0x00000000c9700000, 0x00000000c9700000|100%| O|  |TAMS 0x00000000c9600000, 0x00000000c9600000| Untracked 
| 113|0x00000000c9700000, 0x00000000c9800000, 0x00000000c9800000|100%| O|  |TAMS 0x00000000c9700000, 0x00000000c9700000| Untracked 
| 114|0x00000000c9800000, 0x00000000c9900000, 0x00000000c9900000|100%| O|  |TAMS 0x00000000c9800000, 0x00000000c9800000| Untracked 
| 115|0x00000000c9900000, 0x00000000c9a00000, 0x00000000c9a00000|100%| O|  |TAMS 0x00000000c9900000, 0x00000000c9900000| Untracked 
| 116|0x00000000c9a00000, 0x00000000c9b00000, 0x00000000c9b00000|100%| O|  |TAMS 0x00000000c9a00000, 0x00000000c9a00000| Untracked 
| 117|0x00000000c9b00000, 0x00000000c9c00000, 0x00000000c9c00000|100%| O|  |TAMS 0x00000000c9b00000, 0x00000000c9b00000| Untracked 
| 118|0x00000000c9c00000, 0x00000000c9d00000, 0x00000000c9d00000|100%| O|  |TAMS 0x00000000c9c00000, 0x00000000c9c00000| Untracked 
| 119|0x00000000c9d00000, 0x00000000c9e00000, 0x00000000c9e00000|100%| O|  |TAMS 0x00000000c9d00000, 0x00000000c9d00000| Untracked 
| 120|0x00000000c9e00000, 0x00000000c9f00000, 0x00000000c9f00000|100%| O|  |TAMS 0x00000000c9e00000, 0x00000000c9e00000| Untracked 
| 121|0x00000000c9f00000, 0x00000000ca000000, 0x00000000ca000000|100%| O|  |TAMS 0x00000000c9f00000, 0x00000000c9f00000| Untracked 
| 122|0x00000000ca000000, 0x00000000ca100000, 0x00000000ca100000|100%| O|  |TAMS 0x00000000ca000000, 0x00000000ca000000| Untracked 
| 123|0x00000000ca100000, 0x00000000ca200000, 0x00000000ca200000|100%| O|  |TAMS 0x00000000ca100000, 0x00000000ca100000| Untracked 
| 124|0x00000000ca200000, 0x00000000ca300000, 0x00000000ca300000|100%| O|  |TAMS 0x00000000ca200000, 0x00000000ca200000| Untracked 
| 125|0x00000000ca300000, 0x00000000ca400000, 0x00000000ca400000|100%| O|  |TAMS 0x00000000ca300000, 0x00000000ca300000| Untracked 
| 126|0x00000000ca400000, 0x00000000ca500000, 0x00000000ca500000|100%| O|  |TAMS 0x00000000ca400000, 0x00000000ca400000| Untracked 
| 127|0x00000000ca500000, 0x00000000ca600000, 0x00000000ca600000|100%| O|  |TAMS 0x00000000ca500000, 0x00000000ca500000| Untracked 
| 128|0x00000000ca600000, 0x00000000ca700000, 0x00000000ca700000|100%| O|  |TAMS 0x00000000ca600000, 0x00000000ca600000| Untracked 
| 129|0x00000000ca700000, 0x00000000ca800000, 0x00000000ca800000|100%| O|  |TAMS 0x00000000ca700000, 0x00000000ca700000| Untracked 
| 130|0x00000000ca800000, 0x00000000ca900000, 0x00000000ca900000|100%| O|  |TAMS 0x00000000ca800000, 0x00000000ca800000| Untracked 
| 131|0x00000000ca900000, 0x00000000caa00000, 0x00000000caa00000|100%| O|  |TAMS 0x00000000ca900000, 0x00000000ca900000| Untracked 
| 132|0x00000000caa00000, 0x00000000cab00000, 0x00000000cab00000|100%| O|  |TAMS 0x00000000caa00000, 0x00000000caa00000| Untracked 
| 133|0x00000000cab00000, 0x00000000cac00000, 0x00000000cac00000|100%| O|  |TAMS 0x00000000cab00000, 0x00000000cab00000| Untracked 
| 134|0x00000000cac00000, 0x00000000cad00000, 0x00000000cad00000|100%| O|  |TAMS 0x00000000cac00000, 0x00000000cac00000| Untracked 
| 135|0x00000000cad00000, 0x00000000cae00000, 0x00000000cae00000|100%| O|  |TAMS 0x00000000cad00000, 0x00000000cad00000| Untracked 
| 136|0x00000000cae00000, 0x00000000caf00000, 0x00000000caf00000|100%| O|  |TAMS 0x00000000cae00000, 0x00000000cae00000| Untracked 
| 137|0x00000000caf00000, 0x00000000cb000000, 0x00000000cb000000|100%| O|  |TAMS 0x00000000caf00000, 0x00000000caf00000| Untracked 
| 138|0x00000000cb000000, 0x00000000cb100000, 0x00000000cb100000|100%| O|  |TAMS 0x00000000cb000000, 0x00000000cb000000| Untracked 
| 139|0x00000000cb100000, 0x00000000cb200000, 0x00000000cb200000|100%| O|  |TAMS 0x00000000cb100000, 0x00000000cb100000| Untracked 
| 140|0x00000000cb200000, 0x00000000cb300000, 0x00000000cb300000|100%| O|  |TAMS 0x00000000cb200000, 0x00000000cb200000| Untracked 
| 141|0x00000000cb300000, 0x00000000cb400000, 0x00000000cb400000|100%| O|  |TAMS 0x00000000cb300000, 0x00000000cb300000| Untracked 
| 142|0x00000000cb400000, 0x00000000cb500000, 0x00000000cb500000|100%| O|  |TAMS 0x00000000cb400000, 0x00000000cb400000| Untracked 
| 143|0x00000000cb500000, 0x00000000cb580000, 0x00000000cb600000| 50%| O|  |TAMS 0x00000000cb500000, 0x00000000cb500000| Untracked 
| 144|0x00000000cb600000, 0x00000000cb600000, 0x00000000cb700000|  0%| F|  |TAMS 0x00000000cb600000, 0x00000000cb600000| Untracked 
| 145|0x00000000cb700000, 0x00000000cb700000, 0x00000000cb800000|  0%| F|  |TAMS 0x00000000cb700000, 0x00000000cb700000| Untracked 
| 146|0x00000000cb800000, 0x00000000cb800000, 0x00000000cb900000|  0%| F|  |TAMS 0x00000000cb800000, 0x00000000cb800000| Untracked 
| 147|0x00000000cb900000, 0x00000000cb900000, 0x00000000cba00000|  0%| F|  |TAMS 0x00000000cb900000, 0x00000000cb900000| Untracked 
| 148|0x00000000cba00000, 0x00000000cba00000, 0x00000000cbb00000|  0%| F|  |TAMS 0x00000000cba00000, 0x00000000cba00000| Untracked 
| 149|0x00000000cbb00000, 0x00000000cbb00000, 0x00000000cbc00000|  0%| F|  |TAMS 0x00000000cbb00000, 0x00000000cbb00000| Untracked 
| 150|0x00000000cbc00000, 0x00000000cbc00000, 0x00000000cbd00000|  0%| F|  |TAMS 0x00000000cbc00000, 0x00000000cbc00000| Untracked 
| 151|0x00000000cbd00000, 0x00000000cbd00000, 0x00000000cbe00000|  0%| F|  |TAMS 0x00000000cbd00000, 0x00000000cbd00000| Untracked 
| 152|0x00000000cbe00000, 0x00000000cbe00000, 0x00000000cbf00000|  0%| F|  |TAMS 0x00000000cbe00000, 0x00000000cbe00000| Untracked 
| 153|0x00000000cbf00000, 0x00000000cbf00000, 0x00000000cc000000|  0%| F|  |TAMS 0x00000000cbf00000, 0x00000000cbf00000| Untracked 
| 154|0x00000000cc000000, 0x00000000cc000000, 0x00000000cc100000|  0%| F|  |TAMS 0x00000000cc000000, 0x00000000cc000000| Untracked 
| 155|0x00000000cc100000, 0x00000000cc100000, 0x00000000cc200000|  0%| F|  |TAMS 0x00000000cc100000, 0x00000000cc100000| Untracked 
| 156|0x00000000cc200000, 0x00000000cc200000, 0x00000000cc300000|  0%| F|  |TAMS 0x00000000cc200000, 0x00000000cc200000| Untracked 
| 157|0x00000000cc300000, 0x00000000cc300000, 0x00000000cc400000|  0%| F|  |TAMS 0x00000000cc300000, 0x00000000cc300000| Untracked 
| 158|0x00000000cc400000, 0x00000000cc400000, 0x00000000cc500000|  0%| F|  |TAMS 0x00000000cc400000, 0x00000000cc400000| Untracked 
| 159|0x00000000cc500000, 0x00000000cc500000, 0x00000000cc600000|  0%| F|  |TAMS 0x00000000cc500000, 0x00000000cc500000| Untracked 
| 160|0x00000000cc600000, 0x00000000cc600000, 0x00000000cc700000|  0%| F|  |TAMS 0x00000000cc600000, 0x00000000cc600000| Untracked 
| 161|0x00000000cc700000, 0x00000000cc700000, 0x00000000cc800000|  0%| F|  |TAMS 0x00000000cc700000, 0x00000000cc700000| Untracked 
| 162|0x00000000cc800000, 0x00000000cc800000, 0x00000000cc900000|  0%| F|  |TAMS 0x00000000cc800000, 0x00000000cc800000| Untracked 
| 163|0x00000000cc900000, 0x00000000cc900000, 0x00000000cca00000|  0%| F|  |TAMS 0x00000000cc900000, 0x00000000cc900000| Untracked 
| 164|0x00000000cca00000, 0x00000000cca00000, 0x00000000ccb00000|  0%| F|  |TAMS 0x00000000cca00000, 0x00000000cca00000| Untracked 
| 165|0x00000000ccb00000, 0x00000000ccb00000, 0x00000000ccc00000|  0%| F|  |TAMS 0x00000000ccb00000, 0x00000000ccb00000| Untracked 
| 166|0x00000000ccc00000, 0x00000000ccc00000, 0x00000000ccd00000|  0%| F|  |TAMS 0x00000000ccc00000, 0x00000000ccc00000| Untracked 
| 167|0x00000000ccd00000, 0x00000000ccd00000, 0x00000000cce00000|  0%| F|  |TAMS 0x00000000ccd00000, 0x00000000ccd00000| Untracked 
| 168|0x00000000cce00000, 0x00000000cce00000, 0x00000000ccf00000|  0%| F|  |TAMS 0x00000000cce00000, 0x00000000cce00000| Untracked 
| 169|0x00000000ccf00000, 0x00000000ccf00000, 0x00000000cd000000|  0%| F|  |TAMS 0x00000000ccf00000, 0x00000000ccf00000| Untracked 
| 170|0x00000000cd000000, 0x00000000cd000000, 0x00000000cd100000|  0%| F|  |TAMS 0x00000000cd000000, 0x00000000cd000000| Untracked 
| 171|0x00000000cd100000, 0x00000000cd100000, 0x00000000cd200000|  0%| F|  |TAMS 0x00000000cd100000, 0x00000000cd100000| Untracked 
| 172|0x00000000cd200000, 0x00000000cd200000, 0x00000000cd300000|  0%| F|  |TAMS 0x00000000cd200000, 0x00000000cd200000| Untracked 
| 173|0x00000000cd300000, 0x00000000cd300000, 0x00000000cd400000|  0%| F|  |TAMS 0x00000000cd300000, 0x00000000cd300000| Untracked 
| 174|0x00000000cd400000, 0x00000000cd400000, 0x00000000cd500000|  0%| F|  |TAMS 0x00000000cd400000, 0x00000000cd400000| Untracked 
| 175|0x00000000cd500000, 0x00000000cd500000, 0x00000000cd600000|  0%| F|  |TAMS 0x00000000cd500000, 0x00000000cd500000| Untracked 
| 176|0x00000000cd600000, 0x00000000cd600000, 0x00000000cd700000|  0%| F|  |TAMS 0x00000000cd600000, 0x00000000cd600000| Untracked 
| 177|0x00000000cd700000, 0x00000000cd700000, 0x00000000cd800000|  0%| F|  |TAMS 0x00000000cd700000, 0x00000000cd700000| Untracked 
| 178|0x00000000cd800000, 0x00000000cd800000, 0x00000000cd900000|  0%| F|  |TAMS 0x00000000cd800000, 0x00000000cd800000| Untracked 
| 179|0x00000000cd900000, 0x00000000cd900000, 0x00000000cda00000|  0%| F|  |TAMS 0x00000000cd900000, 0x00000000cd900000| Untracked 
| 180|0x00000000cda00000, 0x00000000cda00000, 0x00000000cdb00000|  0%| F|  |TAMS 0x00000000cda00000, 0x00000000cda00000| Untracked 
| 181|0x00000000cdb00000, 0x00000000cdb00000, 0x00000000cdc00000|  0%| F|  |TAMS 0x00000000cdb00000, 0x00000000cdb00000| Untracked 
| 182|0x00000000cdc00000, 0x00000000cdc00000, 0x00000000cdd00000|  0%| F|  |TAMS 0x00000000cdc00000, 0x00000000cdc00000| Untracked 
| 183|0x00000000cdd00000, 0x00000000cdd00000, 0x00000000cde00000|  0%| F|  |TAMS 0x00000000cdd00000, 0x00000000cdd00000| Untracked 
| 184|0x00000000cde00000, 0x00000000cdf00000, 0x00000000cdf00000|100%| S|CS|TAMS 0x00000000cde00000, 0x00000000cde00000| Complete 
| 185|0x00000000cdf00000, 0x00000000ce000000, 0x00000000ce000000|100%| S|CS|TAMS 0x00000000cdf00000, 0x00000000cdf00000| Complete 
| 186|0x00000000ce000000, 0x00000000ce100000, 0x00000000ce100000|100%| S|CS|TAMS 0x00000000ce000000, 0x00000000ce000000| Complete 
| 187|0x00000000ce100000, 0x00000000ce100000, 0x00000000ce200000|  0%| F|  |TAMS 0x00000000ce100000, 0x00000000ce100000| Untracked 
| 188|0x00000000ce200000, 0x00000000ce200000, 0x00000000ce300000|  0%| F|  |TAMS 0x00000000ce200000, 0x00000000ce200000| Untracked 
| 189|0x00000000ce300000, 0x00000000ce300000, 0x00000000ce400000|  0%| F|  |TAMS 0x00000000ce300000, 0x00000000ce300000| Untracked 
| 190|0x00000000ce400000, 0x00000000ce400000, 0x00000000ce500000|  0%| F|  |TAMS 0x00000000ce400000, 0x00000000ce400000| Untracked 
| 191|0x00000000ce500000, 0x00000000ce500000, 0x00000000ce600000|  0%| F|  |TAMS 0x00000000ce500000, 0x00000000ce500000| Untracked 
| 192|0x00000000ce600000, 0x00000000ce600000, 0x00000000ce700000|  0%| F|  |TAMS 0x00000000ce600000, 0x00000000ce600000| Untracked 
| 193|0x00000000ce700000, 0x00000000ce700000, 0x00000000ce800000|  0%| F|  |TAMS 0x00000000ce700000, 0x00000000ce700000| Untracked 
| 194|0x00000000ce800000, 0x00000000ce800000, 0x00000000ce900000|  0%| F|  |TAMS 0x00000000ce800000, 0x00000000ce800000| Untracked 
| 195|0x00000000ce900000, 0x00000000ce900000, 0x00000000cea00000|  0%| F|  |TAMS 0x00000000ce900000, 0x00000000ce900000| Untracked 
| 196|0x00000000cea00000, 0x00000000cea00000, 0x00000000ceb00000|  0%| F|  |TAMS 0x00000000cea00000, 0x00000000cea00000| Untracked 
| 197|0x00000000ceb00000, 0x00000000ceb00000, 0x00000000cec00000|  0%| F|  |TAMS 0x00000000ceb00000, 0x00000000ceb00000| Untracked 
| 198|0x00000000cec00000, 0x00000000cec00000, 0x00000000ced00000|  0%| F|  |TAMS 0x00000000cec00000, 0x00000000cec00000| Untracked 
| 199|0x00000000ced00000, 0x00000000ced00000, 0x00000000cee00000|  0%| F|  |TAMS 0x00000000ced00000, 0x00000000ced00000| Untracked 
| 200|0x00000000cee00000, 0x00000000cee00000, 0x00000000cef00000|  0%| F|  |TAMS 0x00000000cee00000, 0x00000000cee00000| Untracked 
| 201|0x00000000cef00000, 0x00000000cef00000, 0x00000000cf000000|  0%| F|  |TAMS 0x00000000cef00000, 0x00000000cef00000| Untracked 
| 202|0x00000000cf000000, 0x00000000cf000000, 0x00000000cf100000|  0%| F|  |TAMS 0x00000000cf000000, 0x00000000cf000000| Untracked 
| 203|0x00000000cf100000, 0x00000000cf100000, 0x00000000cf200000|  0%| F|  |TAMS 0x00000000cf100000, 0x00000000cf100000| Untracked 
| 204|0x00000000cf200000, 0x00000000cf200000, 0x00000000cf300000|  0%| F|  |TAMS 0x00000000cf200000, 0x00000000cf200000| Untracked 
| 205|0x00000000cf300000, 0x00000000cf300000, 0x00000000cf400000|  0%| F|  |TAMS 0x00000000cf300000, 0x00000000cf300000| Untracked 
| 206|0x00000000cf400000, 0x00000000cf400000, 0x00000000cf500000|  0%| F|  |TAMS 0x00000000cf400000, 0x00000000cf400000| Untracked 
| 207|0x00000000cf500000, 0x00000000cf500000, 0x00000000cf600000|  0%| F|  |TAMS 0x00000000cf500000, 0x00000000cf500000| Untracked 
| 984|0x00000000ffe00000, 0x00000000ffe49000, 0x00000000fff00000| 28%|OA|  |TAMS 0x00000000ffe49000, 0x00000000ffe00000| Untracked 
| 985|0x00000000fff00000, 0x00000000fff72000, 0x0000000100000000| 44%|CA|  |TAMS 0x00000000fff72000, 0x00000000fff00000| Untracked 

Card table byte_map: [0x00007f44a5f24000,0x00007f44a6111000] _byte_map_base: 0x00007f44a5911000

Marking Bits (Prev, Next): (CMBitMap*) 0x00007f44a0051bf8, (CMBitMap*) 0x00007f44a0051bb8
 Prev Bits: [0x00007f4487c15000, 0x00007f4488b7d000)
 Next Bits: [0x00007f44a4dcf000, 0x00007f44a5d37000)

Polling page: 0x00007f44aa26d000

Metaspace:

Usage:
  Non-class:      7.62 MB capacity,     7.24 MB ( 95%) used,   371.99 KB (  5%) free+waste,    13.56 KB ( <1%) overhead. 
      Class:    957.00 KB capacity,   873.12 KB ( 91%) used,    77.38 KB (  8%) free+waste,     6.50 KB ( <1%) overhead. 
       Both:      8.56 MB capacity,     8.10 MB ( 95%) used,   449.38 KB (  5%) free+waste,    20.06 KB ( <1%) overhead. 

Virtual space:
  Non-class space:        8.00 MB reserved,       7.75 MB ( 97%) committed 
      Class space:        1.00 GB reserved,       1.00 MB ( <1%) committed 
             Both:        1.01 GB reserved,       8.75 MB ( <1%) committed 

Chunk freelists:
   Non-Class:  6.00 KB
       Class:  2.38 KB
        Both:  8.38 KB

CodeHeap 'non-profiled nmethods': size=120036Kb used=757Kb max_used=757Kb free=119279Kb
 bounds [0x00007f4490644000, 0x00007f44908b4000, 0x00007f4497b7d000]
CodeHeap 'profiled nmethods': size=120032Kb used=3287Kb max_used=3287Kb free=116744Kb
 bounds [0x00007f448910c000, 0x00007f448944c000, 0x00007f4490644000]
CodeHeap 'non-nmethods': size=5692Kb used=1117Kb max_used=1154Kb free=4574Kb
 bounds [0x00007f4488b7d000, 0x00007f4488ded000, 0x00007f448910c000]
 total_blobs=2419 nmethods=1568 adapters=347
 compilation: enabled
              stopped_count=0, restarted_count=0
 full_count=0

Compilation events (10 events):
Event: 5.691 Thread 0x00007f44a010f800 1578       3       com.sun.org.apache.xerces.internal.dom.DeferredDocumentImpl::synchronizeChildren (127 bytes)
Event: 5.693 Thread 0x00007f44a010f800 nmethod 1578 0x00007f448943fc90 code [0x00007f448943ff00, 0x00007f4489440b08]
Event: 5.720 Thread 0x00007f44a010f800 1582       3       org.apache.xmlbeans.QNameCache::getName (131 bytes)
Event: 5.723 Thread 0x00007f44a010f800 nmethod 1582 0x00007f4489440f10 code [0x00007f4489441160, 0x00007f44894419b8]
Event: 5.724 Thread 0x00007f44a010d000 nmethod 1575 0x00007f44906ff710 code [0x00007f44906ff8e0, 0x00007f44906ffed8]
Event: 5.724 Thread 0x00007f44a010d000 1576       4       com.sun.org.apache.xerces.internal.dom.DeferredDocumentImpl::getPrevSibling (106 bytes)
Event: 5.758 Thread 0x00007f44a010d000 nmethod 1576 0x00007f4490700310 code [0x00007f44907004c0, 0x00007f44907007d8]
Event: 5.758 Thread 0x00007f44a010d000 1583       4       org.apache.xmlbeans.QNameCache::equals (39 bytes)
Event: 5.798 Thread 0x00007f44a010d000 nmethod 1583 0x00007f4490700b10 code [0x00007f4490700cc0, 0x00007f44907011b8]
Event: 5.799 Thread 0x00007f44a010d000 1587       4       org.apache.xmlbeans.QNameCache::getName (131 bytes)

GC Heap History (10 events):
Event: 3.858 GC heap after
{Heap after GC invocations=12 (full 0):
 garbage-first heap   total 166912K, used 64236K [0x00000000c2600000, 0x0000000100000000)
  region size 1024K, 1 young (1024K), 1 survivors (1024K)
 Metaspace       used 8289K, capacity 8761K, committed 8960K, reserved 1056768K
  class space    used 873K, capacity 957K, committed 1024K, reserved 1048576K
}
Event: 4.448 GC heap before
{Heap before GC invocations=13 (full 0):
 garbage-first heap   total 166912K, used 92908K [0x00000000c2600000, 0x0000000100000000)
  region size 1024K, 29 young (29696K), 1 survivors (1024K)
 Metaspace       used 8289K, capacity 8761K, committed 8960K, reserved 1056768K
  class space    used 873K, capacity 957K, committed 1024K, reserved 1048576K
}
Event: 4.513 GC heap after
{Heap after GC invocations=14 (full 0):
 garbage-first heap   total 166912K, used 93420K [0x00000000c2600000, 0x0000000100000000)
  region size 1024K, 4 young (4096K), 4 survivors (4096K)
 Metaspace       used 8289K, capacity 8761K, committed 8960K, reserved 1056768K
  class space    used 873K, capacity 957K, committed 1024K, reserved 1048576K
}
Event: 4.753 GC heap before
{Heap before GC invocations=14 (full 0):
 garbage-first heap   total 166912K, used 110828K [0x00000000c2600000, 0x0000000100000000)
  region size 1024K, 21 young (21504K), 4 survivors (4096K)
 Metaspace       used 8289K, capacity 8761K, committed 8960K, reserved 1056768K
  class space    used 873K, capacity 957K, committed 1024K, reserved 1048576K
}
Event: 4.830 GC heap after
{Heap after GC invocations=15 (full 0):
 garbage-first heap   total 166912K, used 111340K [0x00000000c2600000, 0x0000000100000000)
  region size 1024K, 3 young (3072K), 3 survivors (3072K)
 Metaspace       used 8289K, capacity 8761K, committed 8960K, reserved 1056768K
  class space    used 873K, capacity 957K, committed 1024K, reserved 1048576K
}
Event: 5.052 GC heap before
{Heap before GC invocations=15 (full 0):
 garbage-first heap   total 166912K, used 122604K [0x00000000c2600000, 0x0000000100000000)
  region size 1024K, 14 young (14336K), 3 survivors (3072K)
 Metaspace       used 8289K, capacity 8761K, committed 8960K, reserved 1056768K
  class space    used 873K, capacity 957K, committed 1024K, reserved 1048576K
}
Event: 5.074 GC heap after
{Heap after GC invocations=16 (full 0):
 garbage-first heap   total 166912K, used 123116K [0x00000000c2600000, 0x0000000100000000)
  region size 1024K, 2 young (2048K), 2 survivors (2048K)
 Metaspace       used 8289K, capacity 8761K, committed 8960K, reserved 1056768K
  class space    used 873K, capacity 957K, committed 1024K, reserved 1048576K
}
Event: 5.333 GC heap before
{Heap before GC invocations=16 (full 0):
 garbage-first heap   total 215040K, used 130284K [0x00000000c2600000, 0x0000000100000000)
  region size 1024K, 9 young (9216K), 2 survivors (2048K)
 Metaspace       used 8289K, capacity 8761K, committed 8960K, reserved 1056768K
  class space    used 873K, capacity 957K, committed 1024K, reserved 1048576K
}
Event: 5.369 GC heap after
{Heap after GC invocations=17 (full 0):
 garbage-first heap   total 215040K, used 130796K [0x00000000c2600000, 0x0000000100000000)
  region size 1024K, 2 young (2048K), 2 survivors (2048K)
 Metaspace       used 8289K, capacity 8761K, committed 8960K, reserved 1056768K
  class space    used 873K, capacity 957K, committed 1024K, reserved 1048576K
}
Event: 5.818 GC heap before
{Heap before GC invocations=18 (full 0):
 garbage-first heap   total 215040K, used 150252K [0x00000000c2600000, 0x0000000100000000)
  region size 1024K, 21 young (21504K), 2 survivors (2048K)
 Metaspace       used 8291K, capacity 8761K, committed 8960K, reserved 1056768K
  class space    used 873K, capacity 957K, committed 1024K, reserved 1048576K
}

Deoptimization events (10 events):
Event: 2.457 Thread 0x00007f44a0013800 Uncommon trap: reason=unstable_if action=reinterpret pc=0x00007f44906a029c method=com.sun.org.apache.xerces.internal.util.SymbolTable.addSymbol([CII)Ljava/lang/String; @ 28 c2
Event: 2.459 Thread 0x00007f44a0013800 Uncommon trap: reason=unstable_if action=reinterpret pc=0x00007f44906a2ab0 method=org.apache.xmlbeans.QNameCache.equals(Ljavax/xml/namespace/QName;Ljava/lang/String;Ljava/lang/String;Ljava/lang/String;)Z @ 19 c2
Event: 2.459 Thread 0x00007f44a0013800 Uncommon trap: reason=unstable_if action=reinterpret pc=0x00007f44906b1cb0 method=org.apache.xmlbeans.impl.store.Cur$Locations.insert(III[I[I)I @ 36 c2
Event: 2.459 Thread 0x00007f44a0013800 Uncommon trap: reason=unstable_if action=reinterpret pc=0x00007f44906b3700 method=org.apache.xmlbeans.impl.store.Cur$Locations.remove(II[I[I)I @ 33 c2
Event: 2.460 Thread 0x00007f44a0013800 Uncommon trap: reason=unstable_if action=reinterpret pc=0x00007f44906ae0a8 method=org.apache.xmlbeans.impl.store.Cur$Locations.insert(III[I[I)I @ 36 c2
Event: 2.460 Thread 0x00007f44a0013800 Uncommon trap: reason=unstable_if action=reinterpret pc=0x00007f44906af008 method=org.apache.xmlbeans.impl.store.Cur$Locations.remove(II[I[I)I @ 33 c2
Event: 2.511 Thread 0x00007f44a0013800 Uncommon trap: reason=unstable_if action=reinterpret pc=0x00007f449069f428 method=com.sun.org.apache.xerces.internal.impl.XMLEntityScanner.checkBeforeLoad(Lcom/sun/xml/internal/stream/Entity$ScannedEntity;II)I @ 18 c2
Event: 5.643 Thread 0x00007f44a0013800 Uncommon trap: reason=unstable_if action=reinterpret pc=0x00007f44906c2690 method=com.sun.org.apache.xerces.internal.util.SymbolTable.addSymbol([CII)Ljava/lang/String; @ 64 c2
Event: 5.647 Thread 0x00007f44a0013800 Uncommon trap: reason=unstable_if action=reinterpret pc=0x00007f44906bed40 method=com.sun.org.apache.xerces.internal.util.SymbolTable.addSymbol([CII)Ljava/lang/String; @ 64 c2
Event: 5.658 Thread 0x00007f44a0013800 Uncommon trap: reason=unstable_if action=reinterpret pc=0x00007f44906db6b8 method=com.sun.org.apache.xerces.internal.impl.XMLDocumentFragmentScannerImpl.scanDocument(Z)Z @ 14 c2

Classes redefined (0 events):
No events

Internal exceptions (3 events):
Event: 0.505 Thread 0x00007f44a0013800 Exception <a 'java/lang/NoSuchMethodError'{0x00000000c5f5d988}: java.lang.invoke.DirectMethodHandle$Holder.invokeSpecialIFC(Ljava/lang/Object;Ljava/lang/Object;I)I> (0x00000000c5f5d988) thrown at [/scratch/opt/mach5/mesos/work_dir/slaves/dd0bab7c-a530-490
Event: 1.489 Thread 0x00007f44a0013800 Implicit null exception at 0x00007f4490683e8e to 0x00007f44906851b9
Event: 2.457 Thread 0x00007f44a0013800 Implicit null exception at 0x00007f449069ffc2 to 0x00007f44906a027a

Events (10 events):
Event: 5.643 Thread 0x00007f44a0013800 DEOPT UNPACKING pc=0x00007f4488ba6325 sp=0x00007f44aa252d40 mode 2
Event: 5.647 Thread 0x00007f44a0013800 Uncommon trap: trap_request=0xffffff4d fr.pc=0x00007f44906bed40 relative=0x0000000000000300
Event: 5.647 Thread 0x00007f44a0013800 DEOPT PACKING pc=0x00007f44906bed40 sp=0x00007f44aa252e00
Event: 5.647 Thread 0x00007f44a0013800 DEOPT UNPACKING pc=0x00007f4488ba6325 sp=0x00007f44aa252db8 mode 2
Event: 5.658 Thread 0x00007f44a0013800 Uncommon trap: trap_request=0xffffff4d fr.pc=0x00007f44906db6b8 relative=0x00000000000002b8
Event: 5.658 Thread 0x00007f44a0013800 DEOPT PACKING pc=0x00007f44906db6b8 sp=0x00007f44aa252fd0
Event: 5.658 Thread 0x00007f44a0013800 DEOPT UNPACKING pc=0x00007f4488ba6325 sp=0x00007f44aa252f98 mode 2
Event: 5.693 Thread 0x00007f44a0013800 DEOPT PACKING pc=0x00007f4489376384 sp=0x00007f44aa252e40
Event: 5.693 Thread 0x00007f44a0013800 DEOPT UNPACKING pc=0x00007f4488ba613a sp=0x00007f44aa252318 mode 0
Event: 5.811 Executing VM operation: G1CollectForAllocation


Dynamic libraries:
00400000-00401000 r-xp 00000000 08:01 3671602                            /usr/lib/jvm/java-12-oracle/bin/java
00600000-00601000 r--p 00000000 08:01 3671602                            /usr/lib/jvm/java-12-oracle/bin/java
00601000-00602000 rw-p 00001000 08:01 3671602                            /usr/lib/jvm/java-12-oracle/bin/java
01da1000-01dc2000 rw-p 00000000 00:00 0                                  [heap]
c2600000-cf600000 rw-p 00000000 00:00 0 
d9200000-ffe00000 ---p 00000000 00:00 0 
ffe00000-ffe49000 rw-p 0117f000 08:01 806683                             /usr/lib/jvm/java-12-oracle/lib/server/classes.jsa
ffe49000-fff00000 rw-p 00000000 00:00 0 
fff00000-fff72000 rw-p 0110d000 08:01 806683                             /usr/lib/jvm/java-12-oracle/lib/server/classes.jsa
fff72000-100000000 rw-p 00000000 00:00 0 
800000000-800003000 rwxp 00001000 08:01 806683                           /usr/lib/jvm/java-12-oracle/lib/server/classes.jsa
800003000-8003d0000 rw-p 00004000 08:01 806683                           /usr/lib/jvm/java-12-oracle/lib/server/classes.jsa
8003d0000-800ad0000 r--p 003d1000 08:01 806683                           /usr/lib/jvm/java-12-oracle/lib/server/classes.jsa
800ad0000-800ad1000 rw-p 00ad1000 08:01 806683                           /usr/lib/jvm/java-12-oracle/lib/server/classes.jsa
800ad1000-80110c000 r--p 00ad2000 08:01 806683                           /usr/lib/jvm/java-12-oracle/lib/server/classes.jsa
80110c000-80120c000 rw-p 00000000 00:00 0 
80120c000-84110c000 ---p 00000000 00:00 0 
7f4448000000-7f4448027000 rw-p 00000000 00:00 0 
7f4448027000-7f444c000000 ---p 00000000 00:00 0 
7f444faaf000-7f444fcfc000 rw-p 00000000 00:00 0 
7f444fcfc000-7f444fd00000 ---p 00000000 00:00 0 
7f444fd00000-7f444fdfd000 rw-p 00000000 00:00 0 
7f444fdfd000-7f444fdff000 r-xp 00000000 08:01 668993                     /usr/lib/jvm/java-12-oracle/lib/libextnet.so
7f444fdff000-7f444fffe000 ---p 00002000 08:01 668993                     /usr/lib/jvm/java-12-oracle/lib/libextnet.so
7f444fffe000-7f444ffff000 r--p 00001000 08:01 668993                     /usr/lib/jvm/java-12-oracle/lib/libextnet.so
7f444ffff000-7f4450000000 rw-p 00002000 08:01 668993                     /usr/lib/jvm/java-12-oracle/lib/libextnet.so
7f4450000000-7f445002d000 rw-p 00000000 00:00 0 
7f445002d000-7f4454000000 ---p 00000000 00:00 0 
7f4454000000-7f4454021000 rw-p 00000000 00:00 0 
7f4454021000-7f4458000000 ---p 00000000 00:00 0 
7f4458000000-7f4459045000 rw-p 00000000 00:00 0 
7f4459045000-7f445c000000 ---p 00000000 00:00 0 
7f445c000000-7f445c308000 rw-p 00000000 00:00 0 
7f445c308000-7f4460000000 ---p 00000000 00:00 0 
7f4460000000-7f4460021000 rw-p 00000000 00:00 0 
7f4460021000-7f4464000000 ---p 00000000 00:00 0 
7f4464000000-7f4464021000 rw-p 00000000 00:00 0 
7f4464021000-7f4468000000 ---p 00000000 00:00 0 
7f4468000000-7f44681be000 rw-p 00000000 00:00 0 
7f44681be000-7f446c000000 ---p 00000000 00:00 0 
7f446c000000-7f446c021000 rw-p 00000000 00:00 0 
7f446c021000-7f4470000000 ---p 00000000 00:00 0 
7f4470000000-7f4470021000 rw-p 00000000 00:00 0 
7f4470021000-7f4474000000 ---p 00000000 00:00 0 
7f4474000000-7f4474021000 rw-p 00000000 00:00 0 
7f4474021000-7f4478000000 ---p 00000000 00:00 0 
7f4478000000-7f4478021000 rw-p 00000000 00:00 0 
7f4478021000-7f447c000000 ---p 00000000 00:00 0 
7f447c000000-7f447c021000 rw-p 00000000 00:00 0 
7f447c021000-7f4480000000 ---p 00000000 00:00 0 
7f4480000000-7f4480021000 rw-p 00000000 00:00 0 
7f4480021000-7f4484000000 ---p 00000000 00:00 0 
7f4484014000-7f4484015000 ---p 00000000 00:00 0 
7f4484015000-7f4484116000 rw-p 00000000 00:00 0 
7f4484116000-7f4484117000 ---p 00000000 00:00 0 
7f4484117000-7f4484218000 rw-p 00000000 00:00 0 
7f4484218000-7f448421c000 ---p 00000000 00:00 0 
7f448421c000-7f4484319000 rw-p 00000000 00:00 0 
7f4484319000-7f448431d000 ---p 00000000 00:00 0 
7f448431d000-7f448441a000 rw-p 00000000 00:00 0 
7f448441a000-7f4484430000 r-xp 00000000 08:01 669013                     /usr/lib/jvm/java-12-oracle/lib/libnet.so
7f4484430000-7f4484630000 ---p 00016000 08:01 669013                     /usr/lib/jvm/java-12-oracle/lib/libnet.so
7f4484630000-7f4484631000 r--p 00016000 08:01 669013                     /usr/lib/jvm/java-12-oracle/lib/libnet.so
7f4484631000-7f4484632000 rw-p 00017000 08:01 669013                     /usr/lib/jvm/java-12-oracle/lib/libnet.so
7f4484632000-7f4484643000 r-xp 00000000 08:01 669014                     /usr/lib/jvm/java-12-oracle/lib/libnio.so
7f4484643000-7f4484842000 ---p 00011000 08:01 669014                     /usr/lib/jvm/java-12-oracle/lib/libnio.so
7f4484842000-7f4484843000 r--p 00010000 08:01 669014                     /usr/lib/jvm/java-12-oracle/lib/libnio.so
7f4484843000-7f4484844000 rw-p 00011000 08:01 669014                     /usr/lib/jvm/java-12-oracle/lib/libnio.so
7f4484844000-7f4484848000 ---p 00000000 00:00 0 
7f4484848000-7f4484945000 rw-p 00000000 00:00 0 
7f4484945000-7f4484949000 ---p 00000000 00:00 0 
7f4484949000-7f4484a46000 rw-p 00000000 00:00 0 
7f4484a46000-7f4485415000 r--p 00000000 08:01 3544443                    /usr/lib/locale/locale-archive
7f4485415000-7f4485bd5000 rw-p 00000000 00:00 0 
7f4485bd5000-7f4485c15000 ---p 00000000 00:00 0 
7f4485c15000-7f4487f55000 rw-p 00000000 00:00 0 
7f4487f55000-7f4488b75000 ---p 00000000 00:00 0 
7f4488b75000-7f4488b7d000 rw-p 00000000 00:00 0 
7f4488b7d000-7f4488ded000 rwxp 00000000 00:00 0 
7f4488ded000-7f448910c000 ---p 00000000 00:00 0 
7f448910c000-7f448944c000 rwxp 00000000 00:00 0 
7f448944c000-7f4490644000 ---p 00000000 00:00 0 
7f4490644000-7f44908b4000 rwxp 00000000 00:00 0 
7f44908b4000-7f4497b7d000 ---p 00000000 00:00 0 
7f4497b7d000-7f44a0000000 r--s 00000000 08:01 669024                     /usr/lib/jvm/java-12-oracle/lib/modules
7f44a0000000-7f44a05d3000 rw-p 00000000 00:00 0 
7f44a05d3000-7f44a4000000 ---p 00000000 00:00 0 
7f44a403b000-7f44a403f000 ---p 00000000 00:00 0 
7f44a403f000-7f44a413c000 rw-p 00000000 00:00 0 
7f44a413c000-7f44a4140000 ---p 00000000 00:00 0 
7f44a4140000-7f44a423d000 rw-p 00000000 00:00 0 
7f44a423d000-7f44a4241000 ---p 00000000 00:00 0 
7f44a4241000-7f44a433e000 rw-p 00000000 00:00 0 
7f44a433e000-7f44a4342000 ---p 00000000 00:00 0 
7f44a4342000-7f44a443f000 rw-p 00000000 00:00 0 
7f44a443f000-7f44a4443000 ---p 00000000 00:00 0 
7f44a4443000-7f44a4540000 rw-p 00000000 00:00 0 
7f44a4540000-7f44a4541000 ---p 00000000 00:00 0 
7f44a4541000-7f44a46c3000 rw-p 00000000 00:00 0 
7f44a46c3000-7f44a46c4000 ---p 00000000 00:00 0 
7f44a46c4000-7f44a47c5000 rw-p 00000000 00:00 0 
7f44a47c5000-7f44a47c6000 ---p 00000000 00:00 0 
7f44a47c6000-7f44a4ac9000 rw-p 00000000 00:00 0 
7f44a4ac9000-7f44a4aca000 ---p 00000000 00:00 0 
7f44a4aca000-7f44a4bcb000 rw-p 00000000 00:00 0 
7f44a4bcb000-7f44a4bcc000 ---p 00000000 00:00 0 
7f44a4bcc000-7f44a4ccd000 rw-p 00000000 00:00 0 
7f44a4ccd000-7f44a4cce000 ---p 00000000 00:00 0 
7f44a4cce000-7f44a510f000 rw-p 00000000 00:00 0 
7f44a510f000-7f44a5d2f000 ---p 00000000 00:00 0 
7f44a5d2f000-7f44a5d9f000 rw-p 00000000 00:00 0 
7f44a5d9f000-7f44a5f23000 ---p 00000000 00:00 0 
7f44a5f23000-7f44a5f8c000 rw-p 00000000 00:00 0 
7f44a5f8c000-7f44a6110000 ---p 00000000 00:00 0 
7f44a6110000-7f44a6179000 rw-p 00000000 00:00 0 
7f44a6179000-7f44a62fd000 ---p 00000000 00:00 0 
7f44a62fd000-7f44a6505000 rw-p 00000000 00:00 0 
7f44a6505000-7f44a65eb000 ---p 00000000 00:00 0 
7f44a65eb000-7f44a65f2000 rw-p 00000000 00:00 0 
7f44a65f2000-7f44a66d6000 ---p 00000000 00:00 0 
7f44a66d6000-7f44a66f1000 r-xp 00000000 08:01 669004                     /usr/lib/jvm/java-12-oracle/lib/libjimage.so
7f44a66f1000-7f44a68f0000 ---p 0001b000 08:01 669004                     /usr/lib/jvm/java-12-oracle/lib/libjimage.so
7f44a68f0000-7f44a68f2000 r--p 0001a000 08:01 669004                     /usr/lib/jvm/java-12-oracle/lib/libjimage.so
7f44a68f2000-7f44a68f3000 rw-p 0001c000 08:01 669004                     /usr/lib/jvm/java-12-oracle/lib/libjimage.so
7f44a68f3000-7f44a68fa000 r-xp 00000000 08:01 669023                     /usr/lib/jvm/java-12-oracle/lib/libzip.so
7f44a68fa000-7f44a6af9000 ---p 00007000 08:01 669023                     /usr/lib/jvm/java-12-oracle/lib/libzip.so
7f44a6af9000-7f44a6afa000 r--p 00006000 08:01 669023                     /usr/lib/jvm/java-12-oracle/lib/libzip.so
7f44a6afa000-7f44a6afb000 rw-p 00007000 08:01 669023                     /usr/lib/jvm/java-12-oracle/lib/libzip.so
7f44a6afb000-7f44a6b06000 r-xp 00000000 08:01 3282421                    /lib/x86_64-linux-gnu/libnss_files-2.27.so
7f44a6b06000-7f44a6d05000 ---p 0000b000 08:01 3282421                    /lib/x86_64-linux-gnu/libnss_files-2.27.so
7f44a6d05000-7f44a6d06000 r--p 0000a000 08:01 3282421                    /lib/x86_64-linux-gnu/libnss_files-2.27.so
7f44a6d06000-7f44a6d07000 rw-p 0000b000 08:01 3282421                    /lib/x86_64-linux-gnu/libnss_files-2.27.so
7f44a6d07000-7f44a6d0d000 rw-p 00000000 00:00 0 
7f44a6d0d000-7f44a6d24000 r-xp 00000000 08:01 3282415                    /lib/x86_64-linux-gnu/libnsl-2.27.so
7f44a6d24000-7f44a6f23000 ---p 00017000 08:01 3282415                    /lib/x86_64-linux-gnu/libnsl-2.27.so
7f44a6f23000-7f44a6f24000 r--p 00016000 08:01 3282415                    /lib/x86_64-linux-gnu/libnsl-2.27.so
7f44a6f24000-7f44a6f25000 rw-p 00017000 08:01 3282415                    /lib/x86_64-linux-gnu/libnsl-2.27.so
7f44a6f25000-7f44a6f27000 rw-p 00000000 00:00 0 
7f44a6f27000-7f44a6f32000 r-xp 00000000 08:01 3282432                    /lib/x86_64-linux-gnu/libnss_nis-2.27.so
7f44a6f32000-7f44a7131000 ---p 0000b000 08:01 3282432                    /lib/x86_64-linux-gnu/libnss_nis-2.27.so
7f44a7131000-7f44a7132000 r--p 0000a000 08:01 3282432                    /lib/x86_64-linux-gnu/libnss_nis-2.27.so
7f44a7132000-7f44a7133000 rw-p 0000b000 08:01 3282432                    /lib/x86_64-linux-gnu/libnss_nis-2.27.so
7f44a7133000-7f44a713b000 r-xp 00000000 08:01 3282417                    /lib/x86_64-linux-gnu/libnss_compat-2.27.so
7f44a713b000-7f44a733b000 ---p 00008000 08:01 3282417                    /lib/x86_64-linux-gnu/libnss_compat-2.27.so
7f44a733b000-7f44a733c000 r--p 00008000 08:01 3282417                    /lib/x86_64-linux-gnu/libnss_compat-2.27.so
7f44a733c000-7f44a733d000 rw-p 00009000 08:01 3282417                    /lib/x86_64-linux-gnu/libnss_compat-2.27.so
7f44a733d000-7f44a7347000 r-xp 00000000 08:01 668995                     /usr/lib/jvm/java-12-oracle/lib/libinstrument.so
7f44a7347000-7f44a7546000 ---p 0000a000 08:01 668995                     /usr/lib/jvm/java-12-oracle/lib/libinstrument.so
7f44a7546000-7f44a7547000 r--p 00009000 08:01 668995                     /usr/lib/jvm/java-12-oracle/lib/libinstrument.so
7f44a7547000-7f44a7548000 rw-p 0000a000 08:01 668995                     /usr/lib/jvm/java-12-oracle/lib/libinstrument.so
7f44a7548000-7f44a7570000 r-xp 00000000 08:01 669000                     /usr/lib/jvm/java-12-oracle/lib/libjava.so
7f44a7570000-7f44a776f000 ---p 00028000 08:01 669000                     /usr/lib/jvm/java-12-oracle/lib/libjava.so
7f44a776f000-7f44a7770000 r--p 00027000 08:01 669000                     /usr/lib/jvm/java-12-oracle/lib/libjava.so
7f44a7770000-7f44a7772000 rw-p 00028000 08:01 669000                     /usr/lib/jvm/java-12-oracle/lib/libjava.so
7f44a7772000-7f44a777f000 r-xp 00000000 08:01 669022                     /usr/lib/jvm/java-12-oracle/lib/libverify.so
7f44a777f000-7f44a797e000 ---p 0000d000 08:01 669022                     /usr/lib/jvm/java-12-oracle/lib/libverify.so
7f44a797e000-7f44a7980000 r--p 0000c000 08:01 669022                     /usr/lib/jvm/java-12-oracle/lib/libverify.so
7f44a7980000-7f44a7981000 rw-p 0000e000 08:01 669022                     /usr/lib/jvm/java-12-oracle/lib/libverify.so
7f44a7981000-7f44a7988000 r-xp 00000000 08:01 3282472                    /lib/x86_64-linux-gnu/librt-2.27.so
7f44a7988000-7f44a7b87000 ---p 00007000 08:01 3282472                    /lib/x86_64-linux-gnu/librt-2.27.so
7f44a7b87000-7f44a7b88000 r--p 00006000 08:01 3282472                    /lib/x86_64-linux-gnu/librt-2.27.so
7f44a7b88000-7f44a7b89000 rw-p 00007000 08:01 3282472                    /lib/x86_64-linux-gnu/librt-2.27.so
7f44a7b89000-7f44a7d26000 r-xp 00000000 08:01 3282394                    /lib/x86_64-linux-gnu/libm-2.27.so
7f44a7d26000-7f44a7f25000 ---p 0019d000 08:01 3282394                    /lib/x86_64-linux-gnu/libm-2.27.so
7f44a7f25000-7f44a7f26000 r--p 0019c000 08:01 3282394                    /lib/x86_64-linux-gnu/libm-2.27.so
7f44a7f26000-7f44a7f27000 rw-p 0019d000 08:01 3282394                    /lib/x86_64-linux-gnu/libm-2.27.so
7f44a7f27000-7f44a908a000 r-xp 00000000 08:01 806685                     /usr/lib/jvm/java-12-oracle/lib/server/libjvm.so
7f44a908a000-7f44a928a000 ---p 01163000 08:01 806685                     /usr/lib/jvm/java-12-oracle/lib/server/libjvm.so
7f44a928a000-7f44a934b000 r--p 01163000 08:01 806685                     /usr/lib/jvm/java-12-oracle/lib/server/libjvm.so
7f44a934b000-7f44a9384000 rw-p 01224000 08:01 806685                     /usr/lib/jvm/java-12-oracle/lib/server/libjvm.so
7f44a9384000-7f44a9407000 rw-p 00000000 00:00 0 
7f44a9407000-7f44a95ee000 r-xp 00000000 08:01 3282331                    /lib/x86_64-linux-gnu/libc-2.27.so
7f44a95ee000-7f44a97ee000 ---p 001e7000 08:01 3282331                    /lib/x86_64-linux-gnu/libc-2.27.so
7f44a97ee000-7f44a97f2000 r--p 001e7000 08:01 3282331                    /lib/x86_64-linux-gnu/libc-2.27.so
7f44a97f2000-7f44a97f4000 rw-p 001eb000 08:01 3282331                    /lib/x86_64-linux-gnu/libc-2.27.so
7f44a97f4000-7f44a97f8000 rw-p 00000000 00:00 0 
7f44a97f8000-7f44a97fb000 r-xp 00000000 08:01 3282354                    /lib/x86_64-linux-gnu/libdl-2.27.so
7f44a97fb000-7f44a99fa000 ---p 00003000 08:01 3282354                    /lib/x86_64-linux-gnu/libdl-2.27.so
7f44a99fa000-7f44a99fb000 r--p 00002000 08:01 3282354                    /lib/x86_64-linux-gnu/libdl-2.27.so
7f44a99fb000-7f44a99fc000 rw-p 00003000 08:01 3282354                    /lib/x86_64-linux-gnu/libdl-2.27.so
7f44a99fc000-7f44a9a16000 r-xp 00000000 08:01 3282464                    /lib/x86_64-linux-gnu/libpthread-2.27.so
7f44a9a16000-7f44a9c15000 ---p 0001a000 08:01 3282464                    /lib/x86_64-linux-gnu/libpthread-2.27.so
7f44a9c15000-7f44a9c16000 r--p 00019000 08:01 3282464                    /lib/x86_64-linux-gnu/libpthread-2.27.so
7f44a9c16000-7f44a9c17000 rw-p 0001a000 08:01 3282464                    /lib/x86_64-linux-gnu/libpthread-2.27.so
7f44a9c17000-7f44a9c1b000 rw-p 00000000 00:00 0 
7f44a9c1b000-7f44a9c2b000 r-xp 00000000 08:01 669005                     /usr/lib/jvm/java-12-oracle/lib/libjli.so
7f44a9c2b000-7f44a9e2a000 ---p 00010000 08:01 669005                     /usr/lib/jvm/java-12-oracle/lib/libjli.so
7f44a9e2a000-7f44a9e2b000 r--p 0000f000 08:01 669005                     /usr/lib/jvm/java-12-oracle/lib/libjli.so
7f44a9e2b000-7f44a9e2c000 rw-p 00010000 08:01 669005                     /usr/lib/jvm/java-12-oracle/lib/libjli.so
7f44a9e2c000-7f44a9e48000 r-xp 00000000 08:01 3282503                    /lib/x86_64-linux-gnu/libz.so.1.2.11
7f44a9e48000-7f44aa047000 ---p 0001c000 08:01 3282503                    /lib/x86_64-linux-gnu/libz.so.1.2.11
7f44aa047000-7f44aa048000 r--p 0001b000 08:01 3282503                    /lib/x86_64-linux-gnu/libz.so.1.2.11
7f44aa048000-7f44aa049000 rw-p 0001c000 08:01 3282503                    /lib/x86_64-linux-gnu/libz.so.1.2.11
7f44aa049000-7f44aa070000 r-xp 00000000 08:01 3282303                    /lib/x86_64-linux-gnu/ld-2.27.so
7f44aa097000-7f44aa154000 rw-p 00000000 00:00 0 
7f44aa154000-7f44aa158000 ---p 00000000 00:00 0 
7f44aa158000-7f44aa25e000 rw-p 00000000 00:00 0 
7f44aa25e000-7f44aa265000 ---p 00000000 00:00 0 
7f44aa265000-7f44aa26d000 rw-s 00000000 08:01 1723007                    /tmp/hsperfdata_adham/9009
7f44aa26d000-7f44aa26e000 ---p 00000000 00:00 0 
7f44aa26e000-7f44aa26f000 r--p 00000000 00:00 0 
7f44aa26f000-7f44aa270000 ---p 00000000 00:00 0 
7f44aa270000-7f44aa271000 r--p 00027000 08:01 3282303                    /lib/x86_64-linux-gnu/ld-2.27.so
7f44aa271000-7f44aa272000 rw-p 00028000 08:01 3282303                    /lib/x86_64-linux-gnu/ld-2.27.so
7f44aa272000-7f44aa273000 rw-p 00000000 00:00 0 
7fff57e5b000-7fff57e7c000 rw-p 00000000 00:00 0                          [stack]
7fff57f1c000-7fff57f1f000 r--p 00000000 00:00 0                          [vvar]
7fff57f1f000-7fff57f20000 r-xp 00000000 00:00 0                          [vdso]
ffffffffff600000-ffffffffff601000 r-xp 00000000 00:00 0                  [vsyscall]


VM Arguments:
jvm_args: -javaagent:/home/adham/.local/share/JetBrains/Toolbox/apps/IDEA-U/ch-0/192.6603.28/lib/idea_rt.jar=38611:/home/adham/.local/share/JetBrains/Toolbox/apps/IDEA-U/ch-0/192.6603.28/bin -Dfile.encoding=UTF-8 
java_command: Main
java_class_path (initial): /home/adham/Desktop/transferdata/target/classes:/home/adham/.m2/repository/org/apache/poi/poi-ooxml/3.17/poi-ooxml-3.17.jar:/home/adham/.m2/repository/org/apache/poi/poi-ooxml-schemas/3.17/poi-ooxml-schemas-3.17.jar:/home/adham/.m2/repository/org/apache/xmlbeans/xmlbeans/2.6.0/xmlbeans-2.6.0.jar:/home/adham/.m2/repository/stax/stax-api/1.0.1/stax-api-1.0.1.jar:/home/adham/.m2/repository/com/github/virtuald/curvesapi/1.04/curvesapi-1.04.jar:/home/adham/.m2/repository/org/apache/poi/poi/3.17/poi-3.17.jar:/home/adham/.m2/repository/commons-codec/commons-codec/1.10/commons-codec-1.10.jar:/home/adham/.m2/repository/org/apache/commons/commons-collections4/4.1/commons-collections4-4.1.jar:/home/adham/.m2/repository/mysql/mysql-connector-java/5.1.48/mysql-connector-java-5.1.48.jar
Launcher Type: SUN_STANDARD

[Global flags]
     intx CICompilerCount                          = 2                                         {product} {ergonomic}
     uint ConcGCThreads                            = 1                                         {product} {ergonomic}
     uint G1ConcRefinementThreads                  = 2                                         {product} {ergonomic}
   size_t G1HeapRegionSize                         = 1048576                                   {product} {ergonomic}
    uintx GCDrainStackTargetSize                   = 64                                        {product} {ergonomic}
   size_t InitialHeapSize                          = 65011712                                  {product} {ergonomic}
   size_t MarkStackSize                            = 4194304                                   {product} {ergonomic}
   size_t MaxHeapSize                              = 1033895936                                {product} {ergonomic}
   size_t MaxNewSize                               = 619708416                                 {product} {ergonomic}
   size_t MinHeapDeltaBytes                        = 1048576                                   {product} {ergonomic}
    uintx NonNMethodCodeHeapSize                   = 5825164                                {pd product} {ergonomic}
    uintx NonProfiledCodeHeapSize                  = 122916538                              {pd product} {ergonomic}
    uintx ProfiledCodeHeapSize                     = 122916538                              {pd product} {ergonomic}
    uintx ReservedCodeCacheSize                    = 251658240                              {pd product} {ergonomic}
     bool SegmentedCodeCache                       = true                                      {product} {ergonomic}
     bool UseCompressedClassPointers               = true                                 {lp64_product} {ergonomic}
     bool UseCompressedOops                        = true                                 {lp64_product} {ergonomic}
     bool UseG1GC                                  = true                                      {product} {ergonomic}

Logging:
Log output configuration:
 #0: stdout all=warning uptime,level,tags
 #1: stderr all=off uptime,level,tags

Environment Variables:
JAVA_HOME=/usr/lib/jvm/java-12-oracle
PATH=/usr/local/sbin:/usr/local/bin:/usr/sbin:/usr/bin:/sbin:/bin:/usr/games:/usr/local/games:/snap/bin:/usr/lib/jvm/java-12-oracle/bin:/usr/lib/jvm/java-12-oracle/db/bin
USERNAME=adham
SHELL=/bin/bash
DISPLAY=:0

Signal Handlers:
SIGSEGV: [libjvm.so+0xe44380], sa_mask[0]=11111111011111111101111111111110, sa_flags=SA_RESTART|SA_SIGINFO
SIGBUS: [libjvm.so+0xe44380], sa_mask[0]=11111111011111111101111111111110, sa_flags=SA_RESTART|SA_SIGINFO
SIGFPE: [libjvm.so+0xe44380], sa_mask[0]=11111111011111111101111111111110, sa_flags=SA_RESTART|SA_SIGINFO
SIGPIPE: [libjvm.so+0xbf3e70], sa_mask[0]=11111111011111111101111111111110, sa_flags=SA_RESTART|SA_SIGINFO
SIGXFSZ: [libjvm.so+0xbf3e70], sa_mask[0]=11111111011111111101111111111110, sa_flags=SA_RESTART|SA_SIGINFO
SIGILL: [libjvm.so+0xe44380], sa_mask[0]=11111111011111111101111111111110, sa_flags=SA_RESTART|SA_SIGINFO
SIGUSR2: [libjvm.so+0xbf3d10], sa_mask[0]=00100000000000000000000000000000, sa_flags=SA_RESTART|SA_SIGINFO
SIGHUP: [libjvm.so+0xbf4070], sa_mask[0]=11111111011111111101111111111110, sa_flags=SA_RESTART|SA_SIGINFO
SIGINT: [libjvm.so+0xbf4070], sa_mask[0]=11111111011111111101111111111110, sa_flags=SA_RESTART|SA_SIGINFO
SIGTERM: [libjvm.so+0xbf4070], sa_mask[0]=11111111011111111101111111111110, sa_flags=SA_RESTART|SA_SIGINFO
SIGQUIT: [libjvm.so+0xbf4070], sa_mask[0]=11111111011111111101111111111110, sa_flags=SA_RESTART|SA_SIGINFO


---------------  S Y S T E M  ---------------

OS:DISTRIB_ID=Ubuntu
DISTRIB_RELEASE=18.04
DISTRIB_CODENAME=bionic
DISTRIB_DESCRIPTION="Ubuntu 18.04.3 LTS"
uname:Linux 5.0.0-32-generic #34~18.04.2-Ubuntu SMP Thu Oct 10 10:36:02 UTC 2019 x86_64
libc:glibc 2.27 NPTL 2.27 
rlimit: STACK 8192k, CORE 0k, NPROC 15559, NOFILE 1048576, AS infinity, DATA infinity, FSIZE infinity
load average:2.71 1.81 1.28

/proc/meminfo:
MemTotal:        4031420 kB
MemFree:          106108 kB
MemAvailable:      26084 kB
Buffers:            1084 kB
Cached:           198144 kB
SwapCached:        72640 kB
Active:          3019260 kB
Inactive:         627952 kB
Active(anon):    3007116 kB
Inactive(anon):   601456 kB
Active(file):      12144 kB
Inactive(file):    26496 kB
Unevictable:          16 kB
Mlocked:              16 kB
SwapTotal:       2097148 kB
SwapFree:              4 kB
Dirty:               360 kB
Writeback:             0 kB
AnonPages:       3377156 kB
Mapped:           186652 kB
Shmem:            160340 kB
KReclaimable:      44680 kB
Slab:             105900 kB
SReclaimable:      44680 kB
SUnreclaim:        61220 kB
KernelStack:       19584 kB
PageTables:        80996 kB
NFS_Unstable:          0 kB
Bounce:                0 kB
WritebackTmp:          0 kB
CommitLimit:     4112856 kB
Committed_AS:   13004096 kB
VmallocTotal:   34359738367 kB
VmallocUsed:           0 kB
VmallocChunk:          0 kB
Percpu:            10624 kB
HardwareCorrupted:     0 kB
AnonHugePages:         0 kB
ShmemHugePages:        0 kB
ShmemPmdMapped:        0 kB
CmaTotal:              0 kB
CmaFree:               0 kB
HugePages_Total:       0
HugePages_Free:        0
HugePages_Rsvd:        0
HugePages_Surp:        0
Hugepagesize:       2048 kB
Hugetlb:               0 kB
DirectMap4k:      225200 kB
DirectMap2M:     3969024 kB


/proc/sys/kernel/threads-max (system-wide limit on the number of threads):
31119


/proc/sys/vm/max_map_count (maximum number of memory map areas a process may have):
65530


/proc/sys/kernel/pid_max (system-wide limit on number of process identifiers):
32768



container (cgroup) information:
container_type: cgroupv1
cpu_cpuset_cpus: 0-1
cpu_memory_nodes: 0
active_processor_count: 2
cpu_quota: -1
cpu_period: 100000
cpu_shares: -1
memory_limit_in_bytes: -1
memory_and_swap_limit_in_bytes: -2
memory_soft_limit_in_bytes: -1
memory_usage_in_bytes: 3729907712
memory_max_usage_in_bytes: 26591232


CPU:total 2 (initial active 2) (2 cores per cpu, 1 threads per core) family 6 model 78 stepping 3, cmov, cx8, fxsr, mmx, sse, sse2, sse3, ssse3, sse4.1, sse4.2, popcnt, avx, avx2, aes, clmul, erms, 3dnowpref, lzcnt, tsc, tscinvbit, bmi1, bmi2, adx, fma
CPU Model and flags from /proc/cpuinfo:
model name	: Intel(R) Core(TM) i5-6360U CPU @ 2.00GHz
flags		: fpu vme de pse tsc msr pae mce cx8 apic sep mtrr pge mca cmov pat pse36 clflush mmx fxsr sse sse2 ss ht syscall nx rdtscp lm constant_tsc nopl xtopology nonstop_tsc cpuid tsc_known_freq pni pclmulqdq ssse3 fma cx16 pcid sse4_1 sse4_2 x2apic movbe popcnt tsc_deadline_timer aes xsave avx f16c rdrand hypervisor lahf_lm abm 3dnowprefetch invpcid_single pti fsgsbase tsc_adjust bmi1 hle avx2 smep bmi2 invpcid mpx rdseed adx smap clflushopt xsaveopt xsavec xsaves dtherm arat pln pts

Memory: 4k page, physical 4031420k(103084k free), swap 2097148k(0k free)

vm_info: Java HotSpot(TM) 64-Bit Server VM (12.0.2+10) for linux-amd64 JRE (12.0.2+10), built on Jul 16 2019 00:56:35 by "mach5one" with gcc 7.3.0

END.
