#
# There is insufficient memory for the Java Runtime Environment to continue.
# Native memory allocation (mmap) failed to map 311427072 bytes for committing reserved memory.
# Possible reasons:
#   The system is out of physical RAM or swap space
#   The process is running with CompressedOops enabled, and the Java Heap may be blocking the growth of the native heap
# Possible solutions:
#   Reduce memory load on the system
#   Increase physical memory or swap space
#   Check if swap backing store is full
#   Decrease Java heap size (-Xmx/-Xms)
#   Decrease number of Java threads
#   Decrease Java thread stack sizes (-Xss)
#   Set larger code cache with -XX:ReservedCodeCacheSize=
#   JVM is running with Unscaled Compressed Oops mode in which the Java heap is
#     placed in the first 4GB address space. The Java Heap base address is the
#     maximum limit for the native heap growth. Please use -XX:HeapBaseMinAddress
#     to set the Java Heap base and to place the Java Heap above 4GB virtual address.
# This output file may be truncated or incomplete.
#
#  Out of Memory Error (os_linux.cpp:2659), pid=8869, tid=8878
#
# JRE version: Java(TM) SE Runtime Environment (12.0.2+10) (build 12.0.2+10)
# Java VM: Java HotSpot(TM) 64-Bit Server VM (12.0.2+10, mixed mode, sharing, tiered, compressed oops, g1 gc, linux-amd64)
# Core dump will be written. Default location: Core dumps may be processed with "/usr/share/apport/apport %p %s %c %d %P" (or dumping to /home/adham/Desktop/transferdata/core.8869)
#

---------------  S U M M A R Y ------------

Command Line: -javaagent:/home/adham/.local/share/JetBrains/Toolbox/apps/IDEA-U/ch-0/192.6603.28/lib/idea_rt.jar=43497:/home/adham/.local/share/JetBrains/Toolbox/apps/IDEA-U/ch-0/192.6603.28/bin -Dfile.encoding=UTF-8 Main

Host: Intel(R) Core(TM) i5-6360U CPU @ 2.00GHz, 2 cores, 3G, Ubuntu 18.04.3 LTS
Time: Tue Oct 29 11:24:31 2019 IST elapsed time: 5 seconds (0d 0h 0m 5s)

---------------  T H R E A D  ---------------

Current thread (0x00007f8150101000):  VMThread "VM Thread" [stack: 0x00007f81542b6000,0x00007f81543b6000] [id=8878]

Stack: [0x00007f81542b6000,0x00007f81543b6000],  sp=0x00007f81543b3f40,  free space=1015k
Native frames: (J=compiled Java code, A=aot compiled Java code, j=interpreted, Vv=VM code, C=native code)
V  [libjvm.so+0xe429e0]  VMError::report_and_die(int, char const*, char const*, __va_list_tag*, Thread*, unsigned char*, void*, void*, char const*, int, unsigned long)+0x310
V  [libjvm.so+0xe435ab]  VMError::report_and_die(Thread*, char const*, int, unsigned long, VMErrorType, char const*, __va_list_tag*)+0x2b
V  [libjvm.so+0x65d4b5]  report_vm_out_of_memory(char const*, int, unsigned long, VMErrorType, char const*, ...)+0xd5
V  [libjvm.so+0xbf7f38]  os::pd_commit_memory_or_exit(char*, unsigned long, unsigned long, bool, char const*)+0x108
V  [libjvm.so+0xbef71d]  os::commit_memory_or_exit(char*, unsigned long, unsigned long, bool, char const*)+0x1d
V  [libjvm.so+0x786ecc]  G1PageBasedVirtualSpace::commit_preferred_pages(unsigned long, unsigned long)+0x6c
V  [libjvm.so+0x787264]  G1PageBasedVirtualSpace::commit(unsigned long, unsigned long)+0x154
V  [libjvm.so+0x795030]  G1RegionsLargerThanCommitSizeMapper::commit_regions(unsigned int, unsigned long, WorkGang*)+0x40
V  [libjvm.so+0x8164b0]  HeapRegionManager::commit_regions(unsigned int, unsigned long, WorkGang*)+0x80
V  [libjvm.so+0x81720f]  HeapRegionManager::make_regions_available(unsigned int, unsigned int, WorkGang*)+0x3f
V  [libjvm.so+0x817789]  HeapRegionManager::expand_at(unsigned int, unsigned int, WorkGang*)+0x119
V  [libjvm.so+0x73c5f0]  G1CollectedHeap::expand(unsigned long, WorkGang*, double*)+0xe0
V  [libjvm.so+0x741b12]  G1CollectedHeap::do_collection_pause_at_safepoint(double)+0x9d2
V  [libjvm.so+0x7a8521]  VM_G1CollectForAllocation::doit()+0x81
V  [libjvm.so+0xe44fc7]  VM_Operation::evaluate()+0xe7
V  [libjvm.so+0xe4aebf]  VMThread::evaluate_operation(VM_Operation*) [clone .constprop.63]+0xff
V  [libjvm.so+0xe4b421]  VMThread::loop()+0x411
V  [libjvm.so+0xe4b873]  VMThread::run()+0x73
V  [libjvm.so+0xdd0b8f]  Thread::call_run()+0x16f
V  [libjvm.so+0xbfdc6e]  thread_native_entry(Thread*)+0xee

VM_Operation (0x00007f815905e980): G1CollectForAllocation, mode: safepoint, requested by thread 0x00007f8150013800


---------------  P R O C E S S  ---------------

Threads class SMR info:
_java_thread_list=0x00007f810c0029c0, length=11, elements={
0x00007f8150013800, 0x00007f8150104000, 0x00007f8150106000, 0x00007f815010b000,
0x00007f815010d000, 0x00007f815010f800, 0x00007f8150111800, 0x00007f8150120000,
0x00007f81501ea000, 0x00007f81501e7800, 0x00007f810c001000
}

Java Threads: ( => current thread )
  0x00007f8150013800 JavaThread "main" [_thread_blocked, id=8870, stack(0x00007f8158f60000,0x00007f8159061000)]
  0x00007f8150104000 JavaThread "Reference Handler" daemon [_thread_blocked, id=8883, stack(0x00007f81541b3000,0x00007f81542b4000)]
  0x00007f8150106000 JavaThread "Finalizer" daemon [_thread_blocked, id=8884, stack(0x00007f81540b2000,0x00007f81541b3000)]
  0x00007f815010b000 JavaThread "Signal Dispatcher" daemon [_thread_blocked, id=8887, stack(0x00007f81343ac000,0x00007f81344ad000)]
  0x00007f815010d000 JavaThread "C2 CompilerThread0" daemon [_thread_blocked, id=8890, stack(0x00007f81342ab000,0x00007f81343ac000)]
  0x00007f815010f800 JavaThread "C1 CompilerThread0" daemon [_thread_blocked, id=8892, stack(0x00007f81341aa000,0x00007f81342ab000)]
  0x00007f8150111800 JavaThread "Sweeper thread" daemon [_thread_blocked, id=8893, stack(0x00007f81340a9000,0x00007f81341aa000)]
  0x00007f8150120000 JavaThread "Common-Cleaner" daemon [_thread_blocked, id=8902, stack(0x00007f8117530000,0x00007f8117631000)]
  0x00007f81501ea000 JavaThread "Monitor Ctrl-Break" daemon [_thread_in_native, id=8908, stack(0x00007f8117005000,0x00007f8117106000)]
  0x00007f81501e7800 JavaThread "Service Thread" daemon [_thread_blocked, id=8909, stack(0x00007f8116f04000,0x00007f8117005000)]
  0x00007f810c001000 JavaThread "Attach Listener" daemon [_thread_blocked, id=8911, stack(0x00007f8116afe000,0x00007f8116bff000)]

Other Threads:
=>0x00007f8150101000 VMThread "VM Thread" [stack: 0x00007f81542b6000,0x00007f81543b6000] [id=8878]
  0x00007f81501ec000 WatcherThread [stack: 0x00007f8116e04000,0x00007f8116f04000] [id=8910]
  0x00007f8150050800 GCTaskThread "GC Thread#0" [stack: 0x00007f8154a43000,0x00007f8154b43000] [id=8871]
  0x00007f8118001000 GCTaskThread "GC Thread#1" [stack: 0x00007f81169fe000,0x00007f8116afe000] [id=8912]
  0x00007f8150058800 ConcurrentGCThread "G1 Main Marker" [stack: 0x00007f8154941000,0x00007f8154a41000] [id=8872]
  0x00007f815005a800 ConcurrentGCThread "G1 Conc#0" [stack: 0x00007f815483f000,0x00007f815493f000] [id=8873]
  0x00007f8150095000 ConcurrentGCThread "G1 Refine#0" [stack: 0x00007f815453b000,0x00007f815463b000] [id=8874]
  0x00007f8150097000 ConcurrentGCThread "G1 Young RemSet Sampling" [stack: 0x00007f8154439000,0x00007f8154539000] [id=8875]

Threads with active compile tasks:
C2 CompilerThread0  1621       4       org.apache.xmlbeans.impl.store.Cur$CurLoadContext::start (104 bytes)

VM state:at safepoint (normal execution)

VM Mutex/Monitor currently owned by a thread:  ([mutex/lock_event])
[0x00007f815000f630] Threads_lock - owner thread: 0x00007f8150101000
[0x00007f815000fe10] Heap_lock - owner thread: 0x00007f8150013800

Heap address: 0x00000000c2600000, size: 986 MB, Compressed Oops mode: 32-bit
Narrow klass base: 0x0000000800000000, Narrow klass shift: 3
Compressed class space size: 1073741824 Address: 0x000000080110c000

Heap:
 garbage-first heap   total 503808K, used 161508K [0x00000000c2600000, 0x0000000100000000)
  region size 1024K, 2 young (2048K), 2 survivors (2048K)
 Metaspace       used 8276K, capacity 8760K, committed 8960K, reserved 1056768K
  class space    used 873K, capacity 957K, committed 1024K, reserved 1048576K
Heap Regions: E=young(eden), S=young(survivor), O=old, HS=humongous(starts), HC=humongous(continues), CS=collection set, F=free, A=archive, TAMS=top-at-mark-start (previous, next)
|   0|0x00000000c2600000, 0x00000000c2700000, 0x00000000c2700000|100%|HS|  |TAMS 0x00000000c2700000, 0x00000000c2700000| Complete 
|   1|0x00000000c2700000, 0x00000000c2800000, 0x00000000c2800000|100%|HS|  |TAMS 0x00000000c2800000, 0x00000000c2800000| Complete 
|   2|0x00000000c2800000, 0x00000000c2900000, 0x00000000c2900000|100%|HC|  |TAMS 0x00000000c2900000, 0x00000000c2900000| Complete 
|   3|0x00000000c2900000, 0x00000000c2a00000, 0x00000000c2a00000|100%|HC|  |TAMS 0x00000000c2a00000, 0x00000000c2a00000| Complete 
|   4|0x00000000c2a00000, 0x00000000c2b00000, 0x00000000c2b00000|100%|HC|  |TAMS 0x00000000c2b00000, 0x00000000c2b00000| Complete 
|   5|0x00000000c2b00000, 0x00000000c2c00000, 0x00000000c2c00000|100%|HC|  |TAMS 0x00000000c2c00000, 0x00000000c2c00000| Complete 
|   6|0x00000000c2c00000, 0x00000000c2d00000, 0x00000000c2d00000|100%|HC|  |TAMS 0x00000000c2d00000, 0x00000000c2d00000| Complete 
|   7|0x00000000c2d00000, 0x00000000c2e00000, 0x00000000c2e00000|100%|HC|  |TAMS 0x00000000c2e00000, 0x00000000c2e00000| Complete 
|   8|0x00000000c2e00000, 0x00000000c2f00000, 0x00000000c2f00000|100%|HC|  |TAMS 0x00000000c2f00000, 0x00000000c2f00000| Complete 
|   9|0x00000000c2f00000, 0x00000000c3000000, 0x00000000c3000000|100%|HC|  |TAMS 0x00000000c3000000, 0x00000000c3000000| Complete 
|  10|0x00000000c3000000, 0x00000000c3100000, 0x00000000c3100000|100%|HC|  |TAMS 0x00000000c3100000, 0x00000000c3100000| Complete 
|  11|0x00000000c3100000, 0x00000000c3200000, 0x00000000c3200000|100%|HC|  |TAMS 0x00000000c3200000, 0x00000000c3200000| Complete 
|  12|0x00000000c3200000, 0x00000000c3300000, 0x00000000c3300000|100%|HC|  |TAMS 0x00000000c3300000, 0x00000000c3300000| Complete 
|  13|0x00000000c3300000, 0x00000000c3400000, 0x00000000c3400000|100%|HC|  |TAMS 0x00000000c3400000, 0x00000000c3400000| Complete 
|  14|0x00000000c3400000, 0x00000000c3500000, 0x00000000c3500000|100%| O|  |TAMS 0x00000000c3500000, 0x00000000c3500000| Untracked 
|  15|0x00000000c3500000, 0x00000000c35fe000, 0x00000000c3600000| 99%| O|  |TAMS 0x00000000c35fe000, 0x00000000c35fe000| Untracked 
|  16|0x00000000c3600000, 0x00000000c3700000, 0x00000000c3700000|100%| O|  |TAMS 0x00000000c3700000, 0x00000000c3700000| Untracked 
|  17|0x00000000c3700000, 0x00000000c3800000, 0x00000000c3800000|100%| O|  |TAMS 0x00000000c3800000, 0x00000000c3800000| Untracked 
|  18|0x00000000c3800000, 0x00000000c3900000, 0x00000000c3900000|100%| O|  |TAMS 0x00000000c3900000, 0x00000000c3900000| Untracked 
|  19|0x00000000c3900000, 0x00000000c3a00000, 0x00000000c3a00000|100%| O|  |TAMS 0x00000000c3a00000, 0x00000000c3a00000| Untracked 
|  20|0x00000000c3a00000, 0x00000000c3b00000, 0x00000000c3b00000|100%| O|  |TAMS 0x00000000c3b00000, 0x00000000c3b00000| Untracked 
|  21|0x00000000c3b00000, 0x00000000c3c00000, 0x00000000c3c00000|100%| O|  |TAMS 0x00000000c3c00000, 0x00000000c3c00000| Untracked 
|  22|0x00000000c3c00000, 0x00000000c3d00000, 0x00000000c3d00000|100%| O|  |TAMS 0x00000000c3d00000, 0x00000000c3d00000| Untracked 
|  23|0x00000000c3d00000, 0x00000000c3e00000, 0x00000000c3e00000|100%| O|  |TAMS 0x00000000c3e00000, 0x00000000c3e00000| Untracked 
|  24|0x00000000c3e00000, 0x00000000c3f00000, 0x00000000c3f00000|100%| O|  |TAMS 0x00000000c3f00000, 0x00000000c3f00000| Untracked 
|  25|0x00000000c3f00000, 0x00000000c4000000, 0x00000000c4000000|100%| O|  |TAMS 0x00000000c4000000, 0x00000000c4000000| Untracked 
|  26|0x00000000c4000000, 0x00000000c4100000, 0x00000000c4100000|100%| O|  |TAMS 0x00000000c4100000, 0x00000000c4100000| Untracked 
|  27|0x00000000c4100000, 0x00000000c4200000, 0x00000000c4200000|100%| O|  |TAMS 0x00000000c4200000, 0x00000000c4200000| Untracked 
|  28|0x00000000c4200000, 0x00000000c4300000, 0x00000000c4300000|100%| O|  |TAMS 0x00000000c4300000, 0x00000000c4300000| Untracked 
|  29|0x00000000c4300000, 0x00000000c4400000, 0x00000000c4400000|100%| O|  |TAMS 0x00000000c4400000, 0x00000000c4400000| Untracked 
|  30|0x00000000c4400000, 0x00000000c4500000, 0x00000000c4500000|100%| O|  |TAMS 0x00000000c4500000, 0x00000000c4500000| Untracked 
|  31|0x00000000c4500000, 0x00000000c4600000, 0x00000000c4600000|100%| O|  |TAMS 0x00000000c4600000, 0x00000000c4600000| Untracked 
|  32|0x00000000c4600000, 0x00000000c4700000, 0x00000000c4700000|100%| O|  |TAMS 0x00000000c4700000, 0x00000000c4700000| Untracked 
|  33|0x00000000c4700000, 0x00000000c4800000, 0x00000000c4800000|100%| O|  |TAMS 0x00000000c4800000, 0x00000000c4800000| Untracked 
|  34|0x00000000c4800000, 0x00000000c4900000, 0x00000000c4900000|100%| O|  |TAMS 0x00000000c4900000, 0x00000000c4900000| Untracked 
|  35|0x00000000c4900000, 0x00000000c4a00000, 0x00000000c4a00000|100%| O|  |TAMS 0x00000000c4a00000, 0x00000000c4a00000| Untracked 
|  36|0x00000000c4a00000, 0x00000000c4b00000, 0x00000000c4b00000|100%| O|  |TAMS 0x00000000c4b00000, 0x00000000c4b00000| Untracked 
|  37|0x00000000c4b00000, 0x00000000c4c00000, 0x00000000c4c00000|100%| O|  |TAMS 0x00000000c4c00000, 0x00000000c4c00000| Untracked 
|  38|0x00000000c4c00000, 0x00000000c4d00000, 0x00000000c4d00000|100%| O|  |TAMS 0x00000000c4d00000, 0x00000000c4d00000| Untracked 
|  39|0x00000000c4d00000, 0x00000000c4e00000, 0x00000000c4e00000|100%| O|  |TAMS 0x00000000c4e00000, 0x00000000c4e00000| Untracked 
|  40|0x00000000c4e00000, 0x00000000c4f00000, 0x00000000c4f00000|100%| O|  |TAMS 0x00000000c4f00000, 0x00000000c4f00000| Untracked 
|  41|0x00000000c4f00000, 0x00000000c5000000, 0x00000000c5000000|100%| O|  |TAMS 0x00000000c5000000, 0x00000000c5000000| Untracked 
|  42|0x00000000c5000000, 0x00000000c5100000, 0x00000000c5100000|100%| O|  |TAMS 0x00000000c5100000, 0x00000000c5100000| Untracked 
|  43|0x00000000c5100000, 0x00000000c5200000, 0x00000000c5200000|100%| O|  |TAMS 0x00000000c5200000, 0x00000000c5200000| Untracked 
|  44|0x00000000c5200000, 0x00000000c5300000, 0x00000000c5300000|100%| O|  |TAMS 0x00000000c5300000, 0x00000000c5300000| Untracked 
|  45|0x00000000c5300000, 0x00000000c5400000, 0x00000000c5400000|100%| O|  |TAMS 0x00000000c5400000, 0x00000000c5400000| Untracked 
|  46|0x00000000c5400000, 0x00000000c5500000, 0x00000000c5500000|100%| O|  |TAMS 0x00000000c5500000, 0x00000000c5500000| Untracked 
|  47|0x00000000c5500000, 0x00000000c5600000, 0x00000000c5600000|100%| O|  |TAMS 0x00000000c5600000, 0x00000000c5600000| Untracked 
|  48|0x00000000c5600000, 0x00000000c5700000, 0x00000000c5700000|100%| O|  |TAMS 0x00000000c5700000, 0x00000000c5700000| Untracked 
|  49|0x00000000c5700000, 0x00000000c5800000, 0x00000000c5800000|100%| O|  |TAMS 0x00000000c5800000, 0x00000000c5800000| Untracked 
|  50|0x00000000c5800000, 0x00000000c5900000, 0x00000000c5900000|100%| O|  |TAMS 0x00000000c5900000, 0x00000000c5900000| Untracked 
|  51|0x00000000c5900000, 0x00000000c5a00000, 0x00000000c5a00000|100%| O|  |TAMS 0x00000000c5a00000, 0x00000000c5a00000| Untracked 
|  52|0x00000000c5a00000, 0x00000000c5b00000, 0x00000000c5b00000|100%| O|  |TAMS 0x00000000c5b00000, 0x00000000c5b00000| Untracked 
|  53|0x00000000c5b00000, 0x00000000c5c00000, 0x00000000c5c00000|100%| O|  |TAMS 0x00000000c5c00000, 0x00000000c5c00000| Untracked 
|  54|0x00000000c5c00000, 0x00000000c5d00000, 0x00000000c5d00000|100%| O|  |TAMS 0x00000000c5d00000, 0x00000000c5d00000| Untracked 
|  55|0x00000000c5d00000, 0x00000000c5e00000, 0x00000000c5e00000|100%| O|  |TAMS 0x00000000c5e00000, 0x00000000c5e00000| Untracked 
|  56|0x00000000c5e00000, 0x00000000c5f00000, 0x00000000c5f00000|100%| O|  |TAMS 0x00000000c5f00000, 0x00000000c5f00000| Untracked 
|  57|0x00000000c5f00000, 0x00000000c6000000, 0x00000000c6000000|100%| O|  |TAMS 0x00000000c6000000, 0x00000000c6000000| Untracked 
|  58|0x00000000c6000000, 0x00000000c6100000, 0x00000000c6100000|100%| O|  |TAMS 0x00000000c6100000, 0x00000000c6100000| Untracked 
|  59|0x00000000c6100000, 0x00000000c6200000, 0x00000000c6200000|100%| O|  |TAMS 0x00000000c6200000, 0x00000000c6200000| Untracked 
|  60|0x00000000c6200000, 0x00000000c6300000, 0x00000000c6300000|100%| O|  |TAMS 0x00000000c6300000, 0x00000000c6300000| Untracked 
|  61|0x00000000c6300000, 0x00000000c6400000, 0x00000000c6400000|100%| O|  |TAMS 0x00000000c6400000, 0x00000000c6400000| Untracked 
|  62|0x00000000c6400000, 0x00000000c6500000, 0x00000000c6500000|100%| O|  |TAMS 0x00000000c6500000, 0x00000000c6500000| Untracked 
|  63|0x00000000c6500000, 0x00000000c6600000, 0x00000000c6600000|100%| O|  |TAMS 0x00000000c6600000, 0x00000000c6600000| Untracked 
|  64|0x00000000c6600000, 0x00000000c6700000, 0x00000000c6700000|100%| O|  |TAMS 0x00000000c6700000, 0x00000000c6700000| Untracked 
|  65|0x00000000c6700000, 0x00000000c6800000, 0x00000000c6800000|100%| O|  |TAMS 0x00000000c6800000, 0x00000000c6800000| Untracked 
|  66|0x00000000c6800000, 0x00000000c6900000, 0x00000000c6900000|100%| O|  |TAMS 0x00000000c6900000, 0x00000000c6900000| Untracked 
|  67|0x00000000c6900000, 0x00000000c6a00000, 0x00000000c6a00000|100%| O|  |TAMS 0x00000000c6a00000, 0x00000000c6a00000| Untracked 
|  68|0x00000000c6a00000, 0x00000000c6b00000, 0x00000000c6b00000|100%| O|  |TAMS 0x00000000c6b00000, 0x00000000c6b00000| Untracked 
|  69|0x00000000c6b00000, 0x00000000c6c00000, 0x00000000c6c00000|100%| O|  |TAMS 0x00000000c6c00000, 0x00000000c6c00000| Untracked 
|  70|0x00000000c6c00000, 0x00000000c6d00000, 0x00000000c6d00000|100%| O|  |TAMS 0x00000000c6d00000, 0x00000000c6d00000| Untracked 
|  71|0x00000000c6d00000, 0x00000000c6e00000, 0x00000000c6e00000|100%| O|  |TAMS 0x00000000c6e00000, 0x00000000c6e00000| Untracked 
|  72|0x00000000c6e00000, 0x00000000c6f00000, 0x00000000c6f00000|100%| O|  |TAMS 0x00000000c6f00000, 0x00000000c6f00000| Untracked 
|  73|0x00000000c6f00000, 0x00000000c7000000, 0x00000000c7000000|100%| O|  |TAMS 0x00000000c7000000, 0x00000000c7000000| Untracked 
|  74|0x00000000c7000000, 0x00000000c7100000, 0x00000000c7100000|100%| O|  |TAMS 0x00000000c7100000, 0x00000000c7100000| Untracked 
|  75|0x00000000c7100000, 0x00000000c7200000, 0x00000000c7200000|100%| O|  |TAMS 0x00000000c7200000, 0x00000000c7200000| Untracked 
|  76|0x00000000c7200000, 0x00000000c7300000, 0x00000000c7300000|100%| O|  |TAMS 0x00000000c7300000, 0x00000000c7300000| Untracked 
|  77|0x00000000c7300000, 0x00000000c7400000, 0x00000000c7400000|100%| O|  |TAMS 0x00000000c7400000, 0x00000000c7400000| Untracked 
|  78|0x00000000c7400000, 0x00000000c7500000, 0x00000000c7500000|100%| O|  |TAMS 0x00000000c7400000, 0x00000000c7500000| Untracked 
|  79|0x00000000c7500000, 0x00000000c7600000, 0x00000000c7600000|100%| O|  |TAMS 0x00000000c7500000, 0x00000000c7600000| Untracked 
|  80|0x00000000c7600000, 0x00000000c7700000, 0x00000000c7700000|100%| O|  |TAMS 0x00000000c7600000, 0x00000000c7700000| Untracked 
|  81|0x00000000c7700000, 0x00000000c7800000, 0x00000000c7800000|100%| O|  |TAMS 0x00000000c7700000, 0x00000000c7800000| Untracked 
|  82|0x00000000c7800000, 0x00000000c7900000, 0x00000000c7900000|100%| O|  |TAMS 0x00000000c7800000, 0x00000000c7900000| Untracked 
|  83|0x00000000c7900000, 0x00000000c7a00000, 0x00000000c7a00000|100%| O|  |TAMS 0x00000000c7a00000, 0x00000000c7a00000| Untracked 
|  84|0x00000000c7a00000, 0x00000000c7b00000, 0x00000000c7b00000|100%| O|  |TAMS 0x00000000c7b00000, 0x00000000c7b00000| Untracked 
|  85|0x00000000c7b00000, 0x00000000c7c00000, 0x00000000c7c00000|100%| O|  |TAMS 0x00000000c7b00000, 0x00000000c7c00000| Untracked 
|  86|0x00000000c7c00000, 0x00000000c7d00000, 0x00000000c7d00000|100%| O|  |TAMS 0x00000000c7c00000, 0x00000000c7d00000| Untracked 
|  87|0x00000000c7d00000, 0x00000000c7e00000, 0x00000000c7e00000|100%| O|  |TAMS 0x00000000c7d00000, 0x00000000c7e00000| Untracked 
|  88|0x00000000c7e00000, 0x00000000c7f00000, 0x00000000c7f00000|100%| O|  |TAMS 0x00000000c7e00000, 0x00000000c7f00000| Untracked 
|  89|0x00000000c7f00000, 0x00000000c8000000, 0x00000000c8000000|100%| O|  |TAMS 0x00000000c7f00000, 0x00000000c8000000| Untracked 
|  90|0x00000000c8000000, 0x00000000c8100000, 0x00000000c8100000|100%| O|  |TAMS 0x00000000c8000000, 0x00000000c8100000| Untracked 
|  91|0x00000000c8100000, 0x00000000c8200000, 0x00000000c8200000|100%| O|  |TAMS 0x00000000c8100000, 0x00000000c8200000| Untracked 
|  92|0x00000000c8200000, 0x00000000c8300000, 0x00000000c8300000|100%| O|  |TAMS 0x00000000c8200000, 0x00000000c8300000| Untracked 
|  93|0x00000000c8300000, 0x00000000c8400000, 0x00000000c8400000|100%| O|  |TAMS 0x00000000c8300000, 0x00000000c8400000| Untracked 
|  94|0x00000000c8400000, 0x00000000c8500000, 0x00000000c8500000|100%| O|  |TAMS 0x00000000c8400000, 0x00000000c8500000| Untracked 
|  95|0x00000000c8500000, 0x00000000c8600000, 0x00000000c8600000|100%| O|  |TAMS 0x00000000c8500000, 0x00000000c8600000| Untracked 
|  96|0x00000000c8600000, 0x00000000c8700000, 0x00000000c8700000|100%| O|  |TAMS 0x00000000c8600000, 0x00000000c8700000| Untracked 
|  97|0x00000000c8700000, 0x00000000c8800000, 0x00000000c8800000|100%| O|  |TAMS 0x00000000c8700000, 0x00000000c8800000| Untracked 
|  98|0x00000000c8800000, 0x00000000c8900000, 0x00000000c8900000|100%| O|  |TAMS 0x00000000c8800000, 0x00000000c8900000| Untracked 
|  99|0x00000000c8900000, 0x00000000c8a00000, 0x00000000c8a00000|100%| O|  |TAMS 0x00000000c8900000, 0x00000000c8a00000| Untracked 
| 100|0x00000000c8a00000, 0x00000000c8b00000, 0x00000000c8b00000|100%| O|  |TAMS 0x00000000c8a00000, 0x00000000c8b00000| Untracked 
| 101|0x00000000c8b00000, 0x00000000c8c00000, 0x00000000c8c00000|100%| O|  |TAMS 0x00000000c8b00000, 0x00000000c8c00000| Untracked 
| 102|0x00000000c8c00000, 0x00000000c8d00000, 0x00000000c8d00000|100%| O|  |TAMS 0x00000000c8c00000, 0x00000000c8d00000| Untracked 
| 103|0x00000000c8d00000, 0x00000000c8e00000, 0x00000000c8e00000|100%| O|  |TAMS 0x00000000c8d00000, 0x00000000c8e00000| Untracked 
| 104|0x00000000c8e00000, 0x00000000c8f00000, 0x00000000c8f00000|100%| O|  |TAMS 0x00000000c8e00000, 0x00000000c8f00000| Untracked 
| 105|0x00000000c8f00000, 0x00000000c9000000, 0x00000000c9000000|100%| O|  |TAMS 0x00000000c8f00000, 0x00000000c9000000| Untracked 
| 106|0x00000000c9000000, 0x00000000c9100000, 0x00000000c9100000|100%| O|  |TAMS 0x00000000c9000000, 0x00000000c9100000| Untracked 
| 107|0x00000000c9100000, 0x00000000c9200000, 0x00000000c9200000|100%| O|  |TAMS 0x00000000c9100000, 0x00000000c9200000| Untracked 
| 108|0x00000000c9200000, 0x00000000c9300000, 0x00000000c9300000|100%| O|  |TAMS 0x00000000c9200000, 0x00000000c9300000| Untracked 
| 109|0x00000000c9300000, 0x00000000c9400000, 0x00000000c9400000|100%| O|  |TAMS 0x00000000c9300000, 0x00000000c9400000| Untracked 
| 110|0x00000000c9400000, 0x00000000c9500000, 0x00000000c9500000|100%| O|  |TAMS 0x00000000c9400000, 0x00000000c9500000| Untracked 
| 111|0x00000000c9500000, 0x00000000c9600000, 0x00000000c9600000|100%| O|  |TAMS 0x00000000c9500000, 0x00000000c9600000| Untracked 
| 112|0x00000000c9600000, 0x00000000c9700000, 0x00000000c9700000|100%| O|  |TAMS 0x00000000c9600000, 0x00000000c9700000| Untracked 
| 113|0x00000000c9700000, 0x00000000c9800000, 0x00000000c9800000|100%| O|  |TAMS 0x00000000c9700000, 0x00000000c9800000| Untracked 
| 114|0x00000000c9800000, 0x00000000c9900000, 0x00000000c9900000|100%| O|  |TAMS 0x00000000c9800000, 0x00000000c9900000| Untracked 
| 115|0x00000000c9900000, 0x00000000c9a00000, 0x00000000c9a00000|100%| O|  |TAMS 0x00000000c9900000, 0x00000000c9a00000| Untracked 
| 116|0x00000000c9a00000, 0x00000000c9b00000, 0x00000000c9b00000|100%| O|  |TAMS 0x00000000c9a00000, 0x00000000c9b00000| Untracked 
| 117|0x00000000c9b00000, 0x00000000c9c00000, 0x00000000c9c00000|100%| O|  |TAMS 0x00000000c9b00000, 0x00000000c9c00000| Untracked 
| 118|0x00000000c9c00000, 0x00000000c9d00000, 0x00000000c9d00000|100%| O|  |TAMS 0x00000000c9c00000, 0x00000000c9d00000| Untracked 
| 119|0x00000000c9d00000, 0x00000000c9e00000, 0x00000000c9e00000|100%| O|  |TAMS 0x00000000c9d00000, 0x00000000c9e00000| Untracked 
| 120|0x00000000c9e00000, 0x00000000c9f00000, 0x00000000c9f00000|100%| O|  |TAMS 0x00000000c9e00000, 0x00000000c9f00000| Untracked 
| 121|0x00000000c9f00000, 0x00000000ca000000, 0x00000000ca000000|100%| O|  |TAMS 0x00000000c9f00000, 0x00000000ca000000| Untracked 
| 122|0x00000000ca000000, 0x00000000ca100000, 0x00000000ca100000|100%| O|  |TAMS 0x00000000ca000000, 0x00000000ca100000| Untracked 
| 123|0x00000000ca100000, 0x00000000ca200000, 0x00000000ca200000|100%| O|  |TAMS 0x00000000ca100000, 0x00000000ca200000| Untracked 
| 124|0x00000000ca200000, 0x00000000ca300000, 0x00000000ca300000|100%| O|  |TAMS 0x00000000ca200000, 0x00000000ca300000| Untracked 
| 125|0x00000000ca300000, 0x00000000ca400000, 0x00000000ca400000|100%| O|  |TAMS 0x00000000ca300000, 0x00000000ca400000| Untracked 
| 126|0x00000000ca400000, 0x00000000ca500000, 0x00000000ca500000|100%| O|  |TAMS 0x00000000ca400000, 0x00000000ca500000| Untracked 
| 127|0x00000000ca500000, 0x00000000ca600000, 0x00000000ca600000|100%| O|  |TAMS 0x00000000ca500000, 0x00000000ca600000| Untracked 
| 128|0x00000000ca600000, 0x00000000ca700000, 0x00000000ca700000|100%| O|  |TAMS 0x00000000ca600000, 0x00000000ca700000| Untracked 
| 129|0x00000000ca700000, 0x00000000ca800000, 0x00000000ca800000|100%| O|  |TAMS 0x00000000ca700000, 0x00000000ca800000| Untracked 
| 130|0x00000000ca800000, 0x00000000ca900000, 0x00000000ca900000|100%| O|  |TAMS 0x00000000ca800000, 0x00000000ca900000| Untracked 
| 131|0x00000000ca900000, 0x00000000caa00000, 0x00000000caa00000|100%| O|  |TAMS 0x00000000ca900000, 0x00000000caa00000| Untracked 
| 132|0x00000000caa00000, 0x00000000cab00000, 0x00000000cab00000|100%| O|  |TAMS 0x00000000caa00000, 0x00000000cab00000| Untracked 
| 133|0x00000000cab00000, 0x00000000cac00000, 0x00000000cac00000|100%| O|  |TAMS 0x00000000cab00000, 0x00000000cac00000| Untracked 
| 134|0x00000000cac00000, 0x00000000cad00000, 0x00000000cad00000|100%| O|  |TAMS 0x00000000cac00000, 0x00000000cad00000| Untracked 
| 135|0x00000000cad00000, 0x00000000cae00000, 0x00000000cae00000|100%| O|  |TAMS 0x00000000cad00000, 0x00000000cae00000| Untracked 
| 136|0x00000000cae00000, 0x00000000caf00000, 0x00000000caf00000|100%| O|  |TAMS 0x00000000cae00000, 0x00000000cae00000| Untracked 
| 137|0x00000000caf00000, 0x00000000cb000000, 0x00000000cb000000|100%| O|  |TAMS 0x00000000caf00000, 0x00000000caf00000| Untracked 
| 138|0x00000000cb000000, 0x00000000cb100000, 0x00000000cb100000|100%| O|  |TAMS 0x00000000cb000000, 0x00000000cb000000| Untracked 
| 139|0x00000000cb100000, 0x00000000cb200000, 0x00000000cb200000|100%| O|  |TAMS 0x00000000cb100000, 0x00000000cb100000| Untracked 
| 140|0x00000000cb200000, 0x00000000cb300000, 0x00000000cb300000|100%| O|  |TAMS 0x00000000cb200000, 0x00000000cb200000| Untracked 
| 141|0x00000000cb300000, 0x00000000cb400000, 0x00000000cb400000|100%| O|  |TAMS 0x00000000cb300000, 0x00000000cb300000| Untracked 
| 142|0x00000000cb400000, 0x00000000cb500000, 0x00000000cb500000|100%| O|  |TAMS 0x00000000cb400000, 0x00000000cb400000| Untracked 
| 143|0x00000000cb500000, 0x00000000cb600000, 0x00000000cb600000|100%| O|  |TAMS 0x00000000cb500000, 0x00000000cb500000| Untracked 
| 144|0x00000000cb600000, 0x00000000cb700000, 0x00000000cb700000|100%| O|  |TAMS 0x00000000cb600000, 0x00000000cb600000| Untracked 
| 145|0x00000000cb700000, 0x00000000cb800000, 0x00000000cb800000|100%| O|  |TAMS 0x00000000cb700000, 0x00000000cb700000| Untracked 
| 146|0x00000000cb800000, 0x00000000cb900000, 0x00000000cb900000|100%| O|  |TAMS 0x00000000cb800000, 0x00000000cb800000| Untracked 
| 147|0x00000000cb900000, 0x00000000cba00000, 0x00000000cba00000|100%| O|  |TAMS 0x00000000cb900000, 0x00000000cb900000| Untracked 
| 148|0x00000000cba00000, 0x00000000cbb00000, 0x00000000cbb00000|100%| O|  |TAMS 0x00000000cba00000, 0x00000000cba00000| Untracked 
| 149|0x00000000cbb00000, 0x00000000cbc00000, 0x00000000cbc00000|100%| O|  |TAMS 0x00000000cbb00000, 0x00000000cbb00000| Untracked 
| 150|0x00000000cbc00000, 0x00000000cbd00000, 0x00000000cbd00000|100%| O|  |TAMS 0x00000000cbc00000, 0x00000000cbc00000| Untracked 
| 151|0x00000000cbd00000, 0x00000000cbe00000, 0x00000000cbe00000|100%| O|  |TAMS 0x00000000cbd00000, 0x00000000cbd00000| Untracked 
| 152|0x00000000cbe00000, 0x00000000cbf00000, 0x00000000cbf00000|100%| O|  |TAMS 0x00000000cbe00000, 0x00000000cbe00000| Untracked 
| 153|0x00000000cbf00000, 0x00000000cc000000, 0x00000000cc000000|100%| O|  |TAMS 0x00000000cbf00000, 0x00000000cbf00000| Untracked 
| 154|0x00000000cc000000, 0x00000000cc100000, 0x00000000cc100000|100%| O|  |TAMS 0x00000000cc000000, 0x00000000cc000000| Untracked 
| 155|0x00000000cc100000, 0x00000000cc100000, 0x00000000cc200000|  0%| F|  |TAMS 0x00000000cc100000, 0x00000000cc100000| Untracked 
| 156|0x00000000cc200000, 0x00000000cc200000, 0x00000000cc300000|  0%| F|  |TAMS 0x00000000cc200000, 0x00000000cc200000| Untracked 
| 157|0x00000000cc300000, 0x00000000cc300000, 0x00000000cc400000|  0%| F|  |TAMS 0x00000000cc300000, 0x00000000cc300000| Untracked 
| 158|0x00000000cc400000, 0x00000000cc400000, 0x00000000cc500000|  0%| F|  |TAMS 0x00000000cc400000, 0x00000000cc400000| Untracked 
| 159|0x00000000cc500000, 0x00000000cc500000, 0x00000000cc600000|  0%| F|  |TAMS 0x00000000cc500000, 0x00000000cc500000| Untracked 
| 160|0x00000000cc600000, 0x00000000cc600000, 0x00000000cc700000|  0%| F|  |TAMS 0x00000000cc600000, 0x00000000cc600000| Untracked 
| 161|0x00000000cc700000, 0x00000000cc700000, 0x00000000cc800000|  0%| F|  |TAMS 0x00000000cc700000, 0x00000000cc700000| Untracked 
| 162|0x00000000cc800000, 0x00000000cc800000, 0x00000000cc900000|  0%| F|  |TAMS 0x00000000cc800000, 0x00000000cc800000| Untracked 
| 163|0x00000000cc900000, 0x00000000cc900000, 0x00000000cca00000|  0%| F|  |TAMS 0x00000000cc900000, 0x00000000cc900000| Untracked 
| 164|0x00000000cca00000, 0x00000000cca00000, 0x00000000ccb00000|  0%| F|  |TAMS 0x00000000cca00000, 0x00000000cca00000| Untracked 
| 165|0x00000000ccb00000, 0x00000000ccb00000, 0x00000000ccc00000|  0%| F|  |TAMS 0x00000000ccb00000, 0x00000000ccb00000| Untracked 
| 166|0x00000000ccc00000, 0x00000000ccc00000, 0x00000000ccd00000|  0%| F|  |TAMS 0x00000000ccc00000, 0x00000000ccc00000| Untracked 
| 167|0x00000000ccd00000, 0x00000000ccd00000, 0x00000000cce00000|  0%| F|  |TAMS 0x00000000ccd00000, 0x00000000ccd00000| Untracked 
| 168|0x00000000cce00000, 0x00000000cce00000, 0x00000000ccf00000|  0%| F|  |TAMS 0x00000000cce00000, 0x00000000cce00000| Untracked 
| 169|0x00000000ccf00000, 0x00000000ccf00000, 0x00000000cd000000|  0%| F|  |TAMS 0x00000000ccf00000, 0x00000000ccf00000| Untracked 
| 170|0x00000000cd000000, 0x00000000cd000000, 0x00000000cd100000|  0%| F|  |TAMS 0x00000000cd000000, 0x00000000cd000000| Untracked 
| 171|0x00000000cd100000, 0x00000000cd100000, 0x00000000cd200000|  0%| F|  |TAMS 0x00000000cd100000, 0x00000000cd100000| Untracked 
| 172|0x00000000cd200000, 0x00000000cd200000, 0x00000000cd300000|  0%| F|  |TAMS 0x00000000cd200000, 0x00000000cd200000| Untracked 
| 173|0x00000000cd300000, 0x00000000cd300000, 0x00000000cd400000|  0%| F|  |TAMS 0x00000000cd300000, 0x00000000cd300000| Untracked 
| 174|0x00000000cd400000, 0x00000000cd400000, 0x00000000cd500000|  0%| F|  |TAMS 0x00000000cd400000, 0x00000000cd400000| Untracked 
| 175|0x00000000cd500000, 0x00000000cd500000, 0x00000000cd600000|  0%| F|  |TAMS 0x00000000cd500000, 0x00000000cd500000| Untracked 
| 176|0x00000000cd600000, 0x00000000cd600000, 0x00000000cd700000|  0%| F|  |TAMS 0x00000000cd600000, 0x00000000cd600000| Untracked 
| 177|0x00000000cd700000, 0x00000000cd700000, 0x00000000cd800000|  0%| F|  |TAMS 0x00000000cd700000, 0x00000000cd700000| Untracked 
| 178|0x00000000cd800000, 0x00000000cd800000, 0x00000000cd900000|  0%| F|  |TAMS 0x00000000cd800000, 0x00000000cd800000| Untracked 
| 179|0x00000000cd900000, 0x00000000cd900000, 0x00000000cda00000|  0%| F|  |TAMS 0x00000000cd900000, 0x00000000cd900000| Untracked 
| 180|0x00000000cda00000, 0x00000000cda00000, 0x00000000cdb00000|  0%| F|  |TAMS 0x00000000cda00000, 0x00000000cda00000| Untracked 
| 181|0x00000000cdb00000, 0x00000000cdb00000, 0x00000000cdc00000|  0%| F|  |TAMS 0x00000000cdb00000, 0x00000000cdb00000| Untracked 
| 182|0x00000000cdc00000, 0x00000000cdc00000, 0x00000000cdd00000|  0%| F|  |TAMS 0x00000000cdc00000, 0x00000000cdc00000| Untracked 
| 183|0x00000000cdd00000, 0x00000000cdd00000, 0x00000000cde00000|  0%| F|  |TAMS 0x00000000cdd00000, 0x00000000cdd00000| Untracked 
| 184|0x00000000cde00000, 0x00000000cdf00000, 0x00000000cdf00000|100%| S|CS|TAMS 0x00000000cde00000, 0x00000000cde00000| Complete 
| 185|0x00000000cdf00000, 0x00000000ce000000, 0x00000000ce000000|100%| S|CS|TAMS 0x00000000cdf00000, 0x00000000cdf00000| Complete 
| 186|0x00000000ce000000, 0x00000000ce000000, 0x00000000ce100000|  0%| F|  |TAMS 0x00000000ce000000, 0x00000000ce000000| Untracked 
| 187|0x00000000ce100000, 0x00000000ce100000, 0x00000000ce200000|  0%| F|  |TAMS 0x00000000ce100000, 0x00000000ce100000| Untracked 
| 188|0x00000000ce200000, 0x00000000ce200000, 0x00000000ce300000|  0%| F|  |TAMS 0x00000000ce200000, 0x00000000ce200000| Untracked 
| 189|0x00000000ce300000, 0x00000000ce300000, 0x00000000ce400000|  0%| F|  |TAMS 0x00000000ce300000, 0x00000000ce300000| Untracked 
| 190|0x00000000ce400000, 0x00000000ce400000, 0x00000000ce500000|  0%| F|  |TAMS 0x00000000ce400000, 0x00000000ce400000| Untracked 
| 191|0x00000000ce500000, 0x00000000ce500000, 0x00000000ce600000|  0%| F|  |TAMS 0x00000000ce500000, 0x00000000ce500000| Untracked 
| 192|0x00000000ce600000, 0x00000000ce600000, 0x00000000ce700000|  0%| F|  |TAMS 0x00000000ce600000, 0x00000000ce600000| Untracked 
| 984|0x00000000ffe00000, 0x00000000ffe49000, 0x00000000fff00000| 28%|OA|  |TAMS 0x00000000ffe49000, 0x00000000ffe49000| Untracked 
| 985|0x00000000fff00000, 0x00000000fff72000, 0x0000000100000000| 44%|CA|  |TAMS 0x00000000fff72000, 0x00000000fff72000| Untracked 

Card table byte_map: [0x00007f8154d30000,0x00007f8154f1d000] _byte_map_base: 0x00007f815471d000

Marking Bits (Prev, Next): (CMBitMap*) 0x00007f8150051bf8, (CMBitMap*) 0x00007f8150051bb8
 Prev Bits: [0x00007f8136cad000, 0x00007f8137c15000)
 Next Bits: [0x00007f8137c15000, 0x00007f8138b7d000)

Polling page: 0x00007f8159079000

Metaspace:

Usage:
  Non-class:      7.62 MB capacity,     7.23 MB ( 95%) used,   386.37 KB (  5%) free+waste,    13.50 KB ( <1%) overhead. 
      Class:    957.00 KB capacity,   873.12 KB ( 91%) used,    77.38 KB (  8%) free+waste,     6.50 KB ( <1%) overhead. 
       Both:      8.55 MB capacity,     8.08 MB ( 94%) used,   463.74 KB (  5%) free+waste,    20.00 KB ( <1%) overhead. 

Virtual space:
  Non-class space:        8.00 MB reserved,       7.75 MB ( 97%) committed 
      Class space:        1.00 GB reserved,       1.00 MB ( <1%) committed 
             Both:        1.01 GB reserved,       8.75 MB ( <1%) committed 

Chunk freelists:
   Non-Class:  2.12 KB
       Class:  2.38 KB
        Both:  4.50 KB

CodeHeap 'non-profiled nmethods': size=120036Kb used=764Kb max_used=764Kb free=119271Kb
 bounds [0x00007f8140644000, 0x00007f81408b4000, 0x00007f8147b7d000]
CodeHeap 'profiled nmethods': size=120032Kb used=3388Kb max_used=3388Kb free=116643Kb
 bounds [0x00007f813910c000, 0x00007f813945c000, 0x00007f8140644000]
CodeHeap 'non-nmethods': size=5692Kb used=1116Kb max_used=1149Kb free=4576Kb
 bounds [0x00007f8138b7d000, 0x00007f8138ded000, 0x00007f813910c000]
 total_blobs=2496 nmethods=1605 adapters=347
 compilation: enabled
              stopped_count=0, restarted_count=0
 full_count=0

Compilation events (10 events):
Event: 5.695 Thread 0x00007f815010d000 nmethod 1625 0x00007f8140702a10 code [0x00007f8140702ba0, 0x00007f8140702c38]
Event: 5.695 Thread 0x00007f815010d000 1610       4       com.sun.org.apache.xerces.internal.dom.NodeImpl::needsSyncChildren (26 bytes)
Event: 5.695 Thread 0x00007f815010d000 nmethod 1610 0x00007f8140702d10 code [0x00007f8140702ea0, 0x00007f8140702f38]
Event: 5.695 Thread 0x00007f815010d000 1617       4       org.apache.xmlbeans.impl.store.Xobj::<init> (58 bytes)
Event: 5.697 Thread 0x00007f815010d000 nmethod 1617 0x00007f8140702f90 code [0x00007f8140703120, 0x00007f8140703278]
Event: 5.697 Thread 0x00007f815010d000 1621       4       org.apache.xmlbeans.impl.store.Cur$CurLoadContext::start (104 bytes)
Event: 5.705 Thread 0x00007f815010f800 1628 %     3       com.sun.org.apache.xerces.internal.dom.DeferredElementNSImpl::synchronizeData @ 130 (232 bytes)
Event: 5.710 Thread 0x00007f815010f800 nmethod 1628% 0x00007f8139454f90 code [0x00007f81394553c0, 0x00007f8139457738]
Event: 5.711 Thread 0x00007f815010f800 1630       3       com.sun.org.apache.xerces.internal.dom.DeferredElementNSImpl::synchronizeData (232 bytes)
Event: 5.712 Thread 0x00007f815010f800 nmethod 1630 0x00007f8139458090 code [0x00007f81394584c0, 0x00007f813945a738]

GC Heap History (10 events):
Event: 4.990 GC heap after
{Heap after GC invocations=17 (full 0):
 garbage-first heap   total 132096K, used 108772K [0x00000000c2600000, 0x0000000100000000)
  region size 1024K, 1 young (1024K), 1 survivors (1024K)
 Metaspace       used 8274K, capacity 8760K, committed 8960K, reserved 1056768K
  class space    used 873K, capacity 957K, committed 1024K, reserved 1048576K
}
Event: 5.052 GC heap before
{Heap before GC invocations=17 (full 0):
 garbage-first heap   total 132096K, used 113892K [0x00000000c2600000, 0x0000000100000000)
  region size 1024K, 6 young (6144K), 1 survivors (1024K)
 Metaspace       used 8274K, capacity 8760K, committed 8960K, reserved 1056768K
  class space    used 873K, capacity 957K, committed 1024K, reserved 1048576K
}
Event: 5.067 GC heap after
{Heap after GC invocations=18 (full 0):
 garbage-first heap   total 173056K, used 114404K [0x00000000c2600000, 0x0000000100000000)
  region size 1024K, 1 young (1024K), 1 survivors (1024K)
 Metaspace       used 8274K, capacity 8760K, committed 8960K, reserved 1056768K
  class space    used 873K, capacity 957K, committed 1024K, reserved 1048576K
}
Event: 5.200 GC heap before
{Heap before GC invocations=18 (full 0):
 garbage-first heap   total 199680K, used 126692K [0x00000000c2600000, 0x0000000100000000)
  region size 1024K, 13 young (13312K), 1 survivors (1024K)
 Metaspace       used 8274K, capacity 8760K, committed 8960K, reserved 1056768K
  class space    used 873K, capacity 957K, committed 1024K, reserved 1048576K
}
Event: 5.226 GC heap after
{Heap after GC invocations=19 (full 0):
 garbage-first heap   total 199680K, used 127204K [0x00000000c2600000, 0x0000000100000000)
  region size 1024K, 2 young (2048K), 2 survivors (2048K)
 Metaspace       used 8274K, capacity 8760K, committed 8960K, reserved 1056768K
  class space    used 873K, capacity 957K, committed 1024K, reserved 1048576K
}
Event: 5.350 GC heap before
{Heap before GC invocations=20 (full 0):
 garbage-first heap   total 199680K, used 142564K [0x00000000c2600000, 0x0000000100000000)
  region size 1024K, 17 young (17408K), 2 survivors (2048K)
 Metaspace       used 8274K, capacity 8760K, committed 8960K, reserved 1056768K
  class space    used 873K, capacity 957K, committed 1024K, reserved 1048576K
}
Event: 5.396 GC heap after
{Heap after GC invocations=21 (full 0):
 garbage-first heap   total 199680K, used 143076K [0x00000000c2600000, 0x0000000100000000)
  region size 1024K, 3 young (3072K), 3 survivors (3072K)
 Metaspace       used 8274K, capacity 8760K, committed 8960K, reserved 1056768K
  class space    used 873K, capacity 957K, committed 1024K, reserved 1048576K
}
Event: 5.519 GC heap before
{Heap before GC invocations=21 (full 0):
 garbage-first heap   total 199680K, used 153316K [0x00000000c2600000, 0x0000000100000000)
  region size 1024K, 13 young (13312K), 3 survivors (3072K)
 Metaspace       used 8276K, capacity 8760K, committed 8960K, reserved 1056768K
  class space    used 873K, capacity 957K, committed 1024K, reserved 1048576K
}
Event: 5.604 GC heap after
{Heap after GC invocations=22 (full 0):
 garbage-first heap   total 199680K, used 153828K [0x00000000c2600000, 0x0000000100000000)
  region size 1024K, 2 young (2048K), 2 survivors (2048K)
 Metaspace       used 8276K, capacity 8760K, committed 8960K, reserved 1056768K
  class space    used 873K, capacity 957K, committed 1024K, reserved 1048576K
}
Event: 5.735 GC heap before
{Heap before GC invocations=22 (full 0):
 garbage-first heap   total 199680K, used 159972K [0x00000000c2600000, 0x0000000100000000)
  region size 1024K, 9 young (9216K), 2 survivors (2048K)
 Metaspace       used 8276K, capacity 8760K, committed 8960K, reserved 1056768K
  class space    used 873K, capacity 957K, committed 1024K, reserved 1048576K
}

Deoptimization events (10 events):
Event: 3.449 Thread 0x00007f8150013800 Uncommon trap: reason=unstable_if action=reinterpret pc=0x00007f81406a5fa4 method=com.sun.org.apache.xerces.internal.impl.XMLEntityScanner.scanChar(Lcom/sun/org/apache/xerces/internal/impl/XMLScanner$NameType;)I @ 212 c2
Event: 3.450 Thread 0x00007f8150013800 Uncommon trap: reason=unstable_if action=reinterpret pc=0x00007f81406a6af4 method=com.sun.org.apache.xerces.internal.impl.XMLEntityScanner.skipSpaces()Z @ 303 c2
Event: 3.456 Thread 0x00007f8150013800 Uncommon trap: reason=unstable_if action=reinterpret pc=0x00007f81406a1698 method=com.sun.org.apache.xerces.internal.util.SymbolTable.addSymbol([CII)Ljava/lang/String; @ 38 c2
Event: 3.458 Thread 0x00007f8150013800 Uncommon trap: reason=unstable_if action=reinterpret pc=0x00007f81406b72b0 method=org.apache.xmlbeans.impl.store.Cur$Locations.insert(III[I[I)I @ 36 c2
Event: 3.458 Thread 0x00007f8150013800 Uncommon trap: reason=unstable_if action=reinterpret pc=0x00007f81406b9b80 method=org.apache.xmlbeans.impl.store.Cur$Locations.remove(II[I[I)I @ 33 c2
Event: 3.459 Thread 0x00007f8150013800 Uncommon trap: reason=unstable_if action=reinterpret pc=0x00007f81406b30a8 method=org.apache.xmlbeans.impl.store.Cur$Locations.insert(III[I[I)I @ 36 c2
Event: 3.459 Thread 0x00007f8150013800 Uncommon trap: reason=unstable_if action=reinterpret pc=0x00007f81406b86d0 method=org.apache.xmlbeans.impl.store.Cur$Locations.remove(II[I[I)I @ 33 c2
Event: 5.419 Thread 0x00007f8150013800 Uncommon trap: reason=unstable_if action=reinterpret pc=0x00007f81406a447c method=com.sun.org.apache.xerces.internal.utils.XMLLimitAnalyzer.addValue(ILjava/lang/String;I)V @ 102 c2
Event: 5.419 Thread 0x00007f8150013800 Uncommon trap: reason=unstable_if action=reinterpret pc=0x00007f81406de1b8 method=com.sun.org.apache.xerces.internal.impl.XMLDocumentFragmentScannerImpl.scanDocument(Z)Z @ 14 c2
Event: 5.438 Thread 0x00007f8150013800 Uncommon trap: reason=unstable_if action=reinterpret pc=0x00007f81406ff1b0 method=com.sun.org.apache.xerces.internal.dom.DeferredDocumentImpl.getNodeObject(I)Lcom/sun/org/apache/xerces/internal/dom/DeferredNode; @ 58 c2

Classes redefined (0 events):
No events

Internal exceptions (3 events):
Event: 1.113 Thread 0x00007f8150013800 Exception <a 'java/lang/NoSuchMethodError'{0x00000000c5f5d708}: java.lang.invoke.DirectMethodHandle$Holder.invokeSpecialIFC(Ljava/lang/Object;Ljava/lang/Object;I)I> (0x00000000c5f5d708) thrown at [/scratch/opt/mach5/mesos/work_dir/slaves/dd0bab7c-a530-490
Event: 2.272 Thread 0x00007f8150013800 Implicit null exception at 0x00007f814066a18e to 0x00007f814066b522
Event: 5.419 Thread 0x00007f8150013800 Implicit null exception at 0x00007f81406a309f to 0x00007f81406a445e

Events (10 events):
Event: 5.419 Thread 0x00007f8150013800 DEOPT PACKING pc=0x00007f81406de1b8 sp=0x00007f815905efd0
Event: 5.419 Thread 0x00007f8150013800 DEOPT UNPACKING pc=0x00007f8138ba6325 sp=0x00007f815905ef98 mode 2
Event: 5.434 Thread 0x00007f8150013800 DEOPT PACKING pc=0x00007f8139361884 sp=0x00007f815905ee40
Event: 5.434 Thread 0x00007f8150013800 DEOPT UNPACKING pc=0x00007f8138ba613a sp=0x00007f815905e318 mode 0
Event: 5.438 Thread 0x00007f8150013800 Uncommon trap: trap_request=0xffffff4d fr.pc=0x00007f81406ff1b0 relative=0x00000000000002f0
Event: 5.438 Thread 0x00007f8150013800 DEOPT PACKING pc=0x00007f81406ff1b0 sp=0x00007f815905ed10
Event: 5.438 Thread 0x00007f8150013800 DEOPT UNPACKING pc=0x00007f8138ba6325 sp=0x00007f815905eca0 mode 2
Event: 5.519 Executing VM operation: G1CollectForAllocation
Event: 5.604 Executing VM operation: G1CollectForAllocation done
Event: 5.734 Executing VM operation: G1CollectForAllocation


Dynamic libraries:
00400000-00401000 r-xp 00000000 08:01 3671602                            /usr/lib/jvm/java-12-oracle/bin/java
00600000-00601000 r--p 00000000 08:01 3671602                            /usr/lib/jvm/java-12-oracle/bin/java
00601000-00602000 rw-p 00001000 08:01 3671602                            /usr/lib/jvm/java-12-oracle/bin/java
00dc9000-00dea000 rw-p 00000000 00:00 0                                  [heap]
c2600000-ce700000 rw-p 00000000 00:00 0 
e1000000-ffe00000 ---p 00000000 00:00 0 
ffe00000-ffe49000 rw-p 0117f000 08:01 806683                             /usr/lib/jvm/java-12-oracle/lib/server/classes.jsa
ffe49000-fff00000 rw-p 00000000 00:00 0 
fff00000-fff72000 rw-p 0110d000 08:01 806683                             /usr/lib/jvm/java-12-oracle/lib/server/classes.jsa
fff72000-100000000 rw-p 00000000 00:00 0 
800000000-800003000 rwxp 00001000 08:01 806683                           /usr/lib/jvm/java-12-oracle/lib/server/classes.jsa
800003000-8003d0000 rw-p 00004000 08:01 806683                           /usr/lib/jvm/java-12-oracle/lib/server/classes.jsa
8003d0000-800ad0000 r--p 003d1000 08:01 806683                           /usr/lib/jvm/java-12-oracle/lib/server/classes.jsa
800ad0000-800ad1000 rw-p 00ad1000 08:01 806683                           /usr/lib/jvm/java-12-oracle/lib/server/classes.jsa
800ad1000-80110c000 r--p 00ad2000 08:01 806683                           /usr/lib/jvm/java-12-oracle/lib/server/classes.jsa
80110c000-80120c000 rw-p 00000000 00:00 0 
80120c000-84110c000 ---p 00000000 00:00 0 
7f80f4000000-7f80f4021000 rw-p 00000000 00:00 0 
7f80f4021000-7f80f8000000 ---p 00000000 00:00 0 
7f80fc000000-7f80fc021000 rw-p 00000000 00:00 0 
7f80fc021000-7f8100000000 ---p 00000000 00:00 0 
7f8100000000-7f8100031000 rw-p 00000000 00:00 0 
7f8100031000-7f8104000000 ---p 00000000 00:00 0 
7f8104000000-7f8104b88000 rw-p 00000000 00:00 0 
7f8104b88000-7f8108000000 ---p 00000000 00:00 0 
7f8108000000-7f8108381000 rw-p 00000000 00:00 0 
7f8108381000-7f810c000000 ---p 00000000 00:00 0 
7f810c000000-7f810c021000 rw-p 00000000 00:00 0 
7f810c021000-7f8110000000 ---p 00000000 00:00 0 
7f8110000000-7f8110021000 rw-p 00000000 00:00 0 
7f8110021000-7f8114000000 ---p 00000000 00:00 0 
7f811666f000-7f81169fc000 rw-p 00000000 00:00 0 
7f81169fc000-7f81169fd000 ---p 00000000 00:00 0 
7f81169fd000-7f8116afe000 rw-p 00000000 00:00 0 
7f8116afe000-7f8116b02000 ---p 00000000 00:00 0 
7f8116b02000-7f8116bff000 rw-p 00000000 00:00 0 
7f8116bff000-7f8116c01000 r-xp 00000000 08:01 668993                     /usr/lib/jvm/java-12-oracle/lib/libextnet.so
7f8116c01000-7f8116e00000 ---p 00002000 08:01 668993                     /usr/lib/jvm/java-12-oracle/lib/libextnet.so
7f8116e00000-7f8116e01000 r--p 00001000 08:01 668993                     /usr/lib/jvm/java-12-oracle/lib/libextnet.so
7f8116e01000-7f8116e02000 rw-p 00002000 08:01 668993                     /usr/lib/jvm/java-12-oracle/lib/libextnet.so
7f8116e02000-7f8116e03000 ---p 00000000 00:00 0 
7f8116e03000-7f8116f04000 rw-p 00000000 00:00 0 
7f8116f04000-7f8116f08000 ---p 00000000 00:00 0 
7f8116f08000-7f8117005000 rw-p 00000000 00:00 0 
7f8117005000-7f8117009000 ---p 00000000 00:00 0 
7f8117009000-7f8117106000 rw-p 00000000 00:00 0 
7f8117106000-7f811711c000 r-xp 00000000 08:01 669013                     /usr/lib/jvm/java-12-oracle/lib/libnet.so
7f811711c000-7f811731c000 ---p 00016000 08:01 669013                     /usr/lib/jvm/java-12-oracle/lib/libnet.so
7f811731c000-7f811731d000 r--p 00016000 08:01 669013                     /usr/lib/jvm/java-12-oracle/lib/libnet.so
7f811731d000-7f811731e000 rw-p 00017000 08:01 669013                     /usr/lib/jvm/java-12-oracle/lib/libnet.so
7f811731e000-7f811732f000 r-xp 00000000 08:01 669014                     /usr/lib/jvm/java-12-oracle/lib/libnio.so
7f811732f000-7f811752e000 ---p 00011000 08:01 669014                     /usr/lib/jvm/java-12-oracle/lib/libnio.so
7f811752e000-7f811752f000 r--p 00010000 08:01 669014                     /usr/lib/jvm/java-12-oracle/lib/libnio.so
7f811752f000-7f8117530000 rw-p 00011000 08:01 669014                     /usr/lib/jvm/java-12-oracle/lib/libnio.so
7f8117530000-7f8117534000 ---p 00000000 00:00 0 
7f8117534000-7f8117631000 rw-p 00000000 00:00 0 
7f8117631000-7f8118000000 r--p 00000000 08:01 3544443                    /usr/lib/locale/locale-archive
7f8118000000-7f8118071000 rw-p 00000000 00:00 0 
7f8118071000-7f811c000000 ---p 00000000 00:00 0 
7f811c000000-7f811c021000 rw-p 00000000 00:00 0 
7f811c021000-7f8120000000 ---p 00000000 00:00 0 
7f8120000000-7f8120021000 rw-p 00000000 00:00 0 
7f8120021000-7f8124000000 ---p 00000000 00:00 0 
7f8124000000-7f8124021000 rw-p 00000000 00:00 0 
7f8124021000-7f8128000000 ---p 00000000 00:00 0 
7f8128000000-7f8128021000 rw-p 00000000 00:00 0 
7f8128021000-7f812c000000 ---p 00000000 00:00 0 
7f812c000000-7f812c021000 rw-p 00000000 00:00 0 
7f812c021000-7f8130000000 ---p 00000000 00:00 0 
7f8130000000-7f8130021000 rw-p 00000000 00:00 0 
7f8130021000-7f8134000000 ---p 00000000 00:00 0 
7f81340a9000-7f81340ad000 ---p 00000000 00:00 0 
7f81340ad000-7f81341aa000 rw-p 00000000 00:00 0 
7f81341aa000-7f81341ae000 ---p 00000000 00:00 0 
7f81341ae000-7f81342ab000 rw-p 00000000 00:00 0 
7f81342ab000-7f81342af000 ---p 00000000 00:00 0 
7f81342af000-7f81343ac000 rw-p 00000000 00:00 0 
7f81343ac000-7f81343b0000 ---p 00000000 00:00 0 
7f81343b0000-7f8134c6d000 rw-p 00000000 00:00 0 
7f8134c6d000-7f8134cad000 ---p 00000000 00:00 0 
7f8134cad000-7f8136fb1000 rw-p 00000000 00:00 0 
7f8136fb1000-7f8137c0d000 ---p 00000000 00:00 0 
7f8137c0d000-7f8137f19000 rw-p 00000000 00:00 0 
7f8137f19000-7f8138b75000 ---p 00000000 00:00 0 
7f8138b75000-7f8138b7d000 rw-p 00000000 00:00 0 
7f8138b7d000-7f8138ded000 rwxp 00000000 00:00 0 
7f8138ded000-7f813910c000 ---p 00000000 00:00 0 
7f813910c000-7f813945c000 rwxp 00000000 00:00 0 
7f813945c000-7f8140644000 ---p 00000000 00:00 0 
7f8140644000-7f81408b4000 rwxp 00000000 00:00 0 
7f81408b4000-7f8147b7d000 ---p 00000000 00:00 0 
7f8147b7d000-7f8150000000 r--s 00000000 08:01 669024                     /usr/lib/jvm/java-12-oracle/lib/modules
7f8150000000-7f815061f000 rw-p 00000000 00:00 0 
7f815061f000-7f8154000000 ---p 00000000 00:00 0 
7f81540b2000-7f81540b6000 ---p 00000000 00:00 0 
7f81540b6000-7f81541b3000 rw-p 00000000 00:00 0 
7f81541b3000-7f81541b7000 ---p 00000000 00:00 0 
7f81541b7000-7f81542b4000 rw-p 00000000 00:00 0 
7f81542b4000-7f81542b5000 ---p 00000000 00:00 0 
7f81542b5000-7f8154437000 rw-p 00000000 00:00 0 
7f8154437000-7f8154438000 ---p 00000000 00:00 0 
7f8154438000-7f8154539000 rw-p 00000000 00:00 0 
7f8154539000-7f815453a000 ---p 00000000 00:00 0 
7f815453a000-7f815483d000 rw-p 00000000 00:00 0 
7f815483d000-7f815483e000 ---p 00000000 00:00 0 
7f815483e000-7f815493f000 rw-p 00000000 00:00 0 
7f815493f000-7f8154940000 ---p 00000000 00:00 0 
7f8154940000-7f8154a41000 rw-p 00000000 00:00 0 
7f8154a41000-7f8154a42000 ---p 00000000 00:00 0 
7f8154a42000-7f8154ba4000 rw-p 00000000 00:00 0 
7f8154ba4000-7f8154d2f000 ---p 00000000 00:00 0 
7f8154d2f000-7f8154d91000 rw-p 00000000 00:00 0 
7f8154d91000-7f8154f1c000 ---p 00000000 00:00 0 
7f8154f1c000-7f8154f7e000 rw-p 00000000 00:00 0 
7f8154f7e000-7f8155109000 ---p 00000000 00:00 0 
7f8155109000-7f8155311000 rw-p 00000000 00:00 0 
7f8155311000-7f81553f7000 ---p 00000000 00:00 0 
7f81553f7000-7f81553fe000 rw-p 00000000 00:00 0 
7f81553fe000-7f81554e2000 ---p 00000000 00:00 0 
7f81554e2000-7f81554fd000 r-xp 00000000 08:01 669004                     /usr/lib/jvm/java-12-oracle/lib/libjimage.so
7f81554fd000-7f81556fc000 ---p 0001b000 08:01 669004                     /usr/lib/jvm/java-12-oracle/lib/libjimage.so
7f81556fc000-7f81556fe000 r--p 0001a000 08:01 669004                     /usr/lib/jvm/java-12-oracle/lib/libjimage.so
7f81556fe000-7f81556ff000 rw-p 0001c000 08:01 669004                     /usr/lib/jvm/java-12-oracle/lib/libjimage.so
7f81556ff000-7f8155706000 r-xp 00000000 08:01 669023                     /usr/lib/jvm/java-12-oracle/lib/libzip.so
7f8155706000-7f8155905000 ---p 00007000 08:01 669023                     /usr/lib/jvm/java-12-oracle/lib/libzip.so
7f8155905000-7f8155906000 r--p 00006000 08:01 669023                     /usr/lib/jvm/java-12-oracle/lib/libzip.so
7f8155906000-7f8155907000 rw-p 00007000 08:01 669023                     /usr/lib/jvm/java-12-oracle/lib/libzip.so
7f8155907000-7f8155912000 r-xp 00000000 08:01 3282421                    /lib/x86_64-linux-gnu/libnss_files-2.27.so
7f8155912000-7f8155b11000 ---p 0000b000 08:01 3282421                    /lib/x86_64-linux-gnu/libnss_files-2.27.so
7f8155b11000-7f8155b12000 r--p 0000a000 08:01 3282421                    /lib/x86_64-linux-gnu/libnss_files-2.27.so
7f8155b12000-7f8155b13000 rw-p 0000b000 08:01 3282421                    /lib/x86_64-linux-gnu/libnss_files-2.27.so
7f8155b13000-7f8155b19000 rw-p 00000000 00:00 0 
7f8155b19000-7f8155b30000 r-xp 00000000 08:01 3282415                    /lib/x86_64-linux-gnu/libnsl-2.27.so
7f8155b30000-7f8155d2f000 ---p 00017000 08:01 3282415                    /lib/x86_64-linux-gnu/libnsl-2.27.so
7f8155d2f000-7f8155d30000 r--p 00016000 08:01 3282415                    /lib/x86_64-linux-gnu/libnsl-2.27.so
7f8155d30000-7f8155d31000 rw-p 00017000 08:01 3282415                    /lib/x86_64-linux-gnu/libnsl-2.27.so
7f8155d31000-7f8155d33000 rw-p 00000000 00:00 0 
7f8155d33000-7f8155d3e000 r-xp 00000000 08:01 3282432                    /lib/x86_64-linux-gnu/libnss_nis-2.27.so
7f8155d3e000-7f8155f3d000 ---p 0000b000 08:01 3282432                    /lib/x86_64-linux-gnu/libnss_nis-2.27.so
7f8155f3d000-7f8155f3e000 r--p 0000a000 08:01 3282432                    /lib/x86_64-linux-gnu/libnss_nis-2.27.so
7f8155f3e000-7f8155f3f000 rw-p 0000b000 08:01 3282432                    /lib/x86_64-linux-gnu/libnss_nis-2.27.so
7f8155f3f000-7f8155f47000 r-xp 00000000 08:01 3282417                    /lib/x86_64-linux-gnu/libnss_compat-2.27.so
7f8155f47000-7f8156147000 ---p 00008000 08:01 3282417                    /lib/x86_64-linux-gnu/libnss_compat-2.27.so
7f8156147000-7f8156148000 r--p 00008000 08:01 3282417                    /lib/x86_64-linux-gnu/libnss_compat-2.27.so
7f8156148000-7f8156149000 rw-p 00009000 08:01 3282417                    /lib/x86_64-linux-gnu/libnss_compat-2.27.so
7f8156149000-7f8156153000 r-xp 00000000 08:01 668995                     /usr/lib/jvm/java-12-oracle/lib/libinstrument.so
7f8156153000-7f8156352000 ---p 0000a000 08:01 668995                     /usr/lib/jvm/java-12-oracle/lib/libinstrument.so
7f8156352000-7f8156353000 r--p 00009000 08:01 668995                     /usr/lib/jvm/java-12-oracle/lib/libinstrument.so
7f8156353000-7f8156354000 rw-p 0000a000 08:01 668995                     /usr/lib/jvm/java-12-oracle/lib/libinstrument.so
7f8156354000-7f815637c000 r-xp 00000000 08:01 669000                     /usr/lib/jvm/java-12-oracle/lib/libjava.so
7f815637c000-7f815657b000 ---p 00028000 08:01 669000                     /usr/lib/jvm/java-12-oracle/lib/libjava.so
7f815657b000-7f815657c000 r--p 00027000 08:01 669000                     /usr/lib/jvm/java-12-oracle/lib/libjava.so
7f815657c000-7f815657e000 rw-p 00028000 08:01 669000                     /usr/lib/jvm/java-12-oracle/lib/libjava.so
7f815657e000-7f815658b000 r-xp 00000000 08:01 669022                     /usr/lib/jvm/java-12-oracle/lib/libverify.so
7f815658b000-7f815678a000 ---p 0000d000 08:01 669022                     /usr/lib/jvm/java-12-oracle/lib/libverify.so
7f815678a000-7f815678c000 r--p 0000c000 08:01 669022                     /usr/lib/jvm/java-12-oracle/lib/libverify.so
7f815678c000-7f815678d000 rw-p 0000e000 08:01 669022                     /usr/lib/jvm/java-12-oracle/lib/libverify.so
7f815678d000-7f8156794000 r-xp 00000000 08:01 3282472                    /lib/x86_64-linux-gnu/librt-2.27.so
7f8156794000-7f8156993000 ---p 00007000 08:01 3282472                    /lib/x86_64-linux-gnu/librt-2.27.so
7f8156993000-7f8156994000 r--p 00006000 08:01 3282472                    /lib/x86_64-linux-gnu/librt-2.27.so
7f8156994000-7f8156995000 rw-p 00007000 08:01 3282472                    /lib/x86_64-linux-gnu/librt-2.27.so
7f8156995000-7f8156b32000 r-xp 00000000 08:01 3282394                    /lib/x86_64-linux-gnu/libm-2.27.so
7f8156b32000-7f8156d31000 ---p 0019d000 08:01 3282394                    /lib/x86_64-linux-gnu/libm-2.27.so
7f8156d31000-7f8156d32000 r--p 0019c000 08:01 3282394                    /lib/x86_64-linux-gnu/libm-2.27.so
7f8156d32000-7f8156d33000 rw-p 0019d000 08:01 3282394                    /lib/x86_64-linux-gnu/libm-2.27.so
7f8156d33000-7f8157e96000 r-xp 00000000 08:01 806685                     /usr/lib/jvm/java-12-oracle/lib/server/libjvm.so
7f8157e96000-7f8158096000 ---p 01163000 08:01 806685                     /usr/lib/jvm/java-12-oracle/lib/server/libjvm.so
7f8158096000-7f8158157000 r--p 01163000 08:01 806685                     /usr/lib/jvm/java-12-oracle/lib/server/libjvm.so
7f8158157000-7f8158190000 rw-p 01224000 08:01 806685                     /usr/lib/jvm/java-12-oracle/lib/server/libjvm.so
7f8158190000-7f8158213000 rw-p 00000000 00:00 0 
7f8158213000-7f81583fa000 r-xp 00000000 08:01 3282331                    /lib/x86_64-linux-gnu/libc-2.27.so
7f81583fa000-7f81585fa000 ---p 001e7000 08:01 3282331                    /lib/x86_64-linux-gnu/libc-2.27.so
7f81585fa000-7f81585fe000 r--p 001e7000 08:01 3282331                    /lib/x86_64-linux-gnu/libc-2.27.so
7f81585fe000-7f8158600000 rw-p 001eb000 08:01 3282331                    /lib/x86_64-linux-gnu/libc-2.27.so
7f8158600000-7f8158604000 rw-p 00000000 00:00 0 
7f8158604000-7f8158607000 r-xp 00000000 08:01 3282354                    /lib/x86_64-linux-gnu/libdl-2.27.so
7f8158607000-7f8158806000 ---p 00003000 08:01 3282354                    /lib/x86_64-linux-gnu/libdl-2.27.so
7f8158806000-7f8158807000 r--p 00002000 08:01 3282354                    /lib/x86_64-linux-gnu/libdl-2.27.so
7f8158807000-7f8158808000 rw-p 00003000 08:01 3282354                    /lib/x86_64-linux-gnu/libdl-2.27.so
7f8158808000-7f8158822000 r-xp 00000000 08:01 3282464                    /lib/x86_64-linux-gnu/libpthread-2.27.so
7f8158822000-7f8158a21000 ---p 0001a000 08:01 3282464                    /lib/x86_64-linux-gnu/libpthread-2.27.so
7f8158a21000-7f8158a22000 r--p 00019000 08:01 3282464                    /lib/x86_64-linux-gnu/libpthread-2.27.so
7f8158a22000-7f8158a23000 rw-p 0001a000 08:01 3282464                    /lib/x86_64-linux-gnu/libpthread-2.27.so
7f8158a23000-7f8158a27000 rw-p 00000000 00:00 0 
7f8158a27000-7f8158a37000 r-xp 00000000 08:01 669005                     /usr/lib/jvm/java-12-oracle/lib/libjli.so
7f8158a37000-7f8158c36000 ---p 00010000 08:01 669005                     /usr/lib/jvm/java-12-oracle/lib/libjli.so
7f8158c36000-7f8158c37000 r--p 0000f000 08:01 669005                     /usr/lib/jvm/java-12-oracle/lib/libjli.so
7f8158c37000-7f8158c38000 rw-p 00010000 08:01 669005                     /usr/lib/jvm/java-12-oracle/lib/libjli.so
7f8158c38000-7f8158c54000 r-xp 00000000 08:01 3282503                    /lib/x86_64-linux-gnu/libz.so.1.2.11
7f8158c54000-7f8158e53000 ---p 0001c000 08:01 3282503                    /lib/x86_64-linux-gnu/libz.so.1.2.11
7f8158e53000-7f8158e54000 r--p 0001b000 08:01 3282503                    /lib/x86_64-linux-gnu/libz.so.1.2.11
7f8158e54000-7f8158e55000 rw-p 0001c000 08:01 3282503                    /lib/x86_64-linux-gnu/libz.so.1.2.11
7f8158e55000-7f8158e7c000 r-xp 00000000 08:01 3282303                    /lib/x86_64-linux-gnu/ld-2.27.so
7f8158ea3000-7f8158f60000 rw-p 00000000 00:00 0 
7f8158f60000-7f8158f64000 ---p 00000000 00:00 0 
7f8158f64000-7f815906a000 rw-p 00000000 00:00 0 
7f815906a000-7f8159071000 ---p 00000000 00:00 0 
7f8159071000-7f8159079000 rw-s 00000000 08:01 1723003                    /tmp/hsperfdata_adham/8869
7f8159079000-7f815907a000 ---p 00000000 00:00 0 
7f815907a000-7f815907b000 r--p 00000000 00:00 0 
7f815907b000-7f815907c000 ---p 00000000 00:00 0 
7f815907c000-7f815907d000 r--p 00027000 08:01 3282303                    /lib/x86_64-linux-gnu/ld-2.27.so
7f815907d000-7f815907e000 rw-p 00028000 08:01 3282303                    /lib/x86_64-linux-gnu/ld-2.27.so
7f815907e000-7f815907f000 rw-p 00000000 00:00 0 
7ffe959fd000-7ffe95a1e000 rw-p 00000000 00:00 0                          [stack]
7ffe95bde000-7ffe95be1000 r--p 00000000 00:00 0                          [vvar]
7ffe95be1000-7ffe95be2000 r-xp 00000000 00:00 0                          [vdso]
ffffffffff600000-ffffffffff601000 r-xp 00000000 00:00 0                  [vsyscall]


VM Arguments:
jvm_args: -javaagent:/home/adham/.local/share/JetBrains/Toolbox/apps/IDEA-U/ch-0/192.6603.28/lib/idea_rt.jar=43497:/home/adham/.local/share/JetBrains/Toolbox/apps/IDEA-U/ch-0/192.6603.28/bin -Dfile.encoding=UTF-8 
java_command: Main
java_class_path (initial): /home/adham/Desktop/transferdata/target/classes:/home/adham/.m2/repository/org/apache/poi/poi-ooxml/3.17/poi-ooxml-3.17.jar:/home/adham/.m2/repository/org/apache/poi/poi-ooxml-schemas/3.17/poi-ooxml-schemas-3.17.jar:/home/adham/.m2/repository/org/apache/xmlbeans/xmlbeans/2.6.0/xmlbeans-2.6.0.jar:/home/adham/.m2/repository/stax/stax-api/1.0.1/stax-api-1.0.1.jar:/home/adham/.m2/repository/com/github/virtuald/curvesapi/1.04/curvesapi-1.04.jar:/home/adham/.m2/repository/org/apache/poi/poi/3.17/poi-3.17.jar:/home/adham/.m2/repository/commons-codec/commons-codec/1.10/commons-codec-1.10.jar:/home/adham/.m2/repository/org/apache/commons/commons-collections4/4.1/commons-collections4-4.1.jar:/home/adham/.m2/repository/mysql/mysql-connector-java/5.1.48/mysql-connector-java-5.1.48.jar
Launcher Type: SUN_STANDARD

[Global flags]
     intx CICompilerCount                          = 2                                         {product} {ergonomic}
     uint ConcGCThreads                            = 1                                         {product} {ergonomic}
     uint G1ConcRefinementThreads                  = 2                                         {product} {ergonomic}
   size_t G1HeapRegionSize                         = 1048576                                   {product} {ergonomic}
    uintx GCDrainStackTargetSize                   = 64                                        {product} {ergonomic}
   size_t InitialHeapSize                          = 65011712                                  {product} {ergonomic}
   size_t MarkStackSize                            = 4194304                                   {product} {ergonomic}
   size_t MaxHeapSize                              = 1033895936                                {product} {ergonomic}
   size_t MaxNewSize                               = 619708416                                 {product} {ergonomic}
   size_t MinHeapDeltaBytes                        = 1048576                                   {product} {ergonomic}
    uintx NonNMethodCodeHeapSize                   = 5825164                                {pd product} {ergonomic}
    uintx NonProfiledCodeHeapSize                  = 122916538                              {pd product} {ergonomic}
    uintx ProfiledCodeHeapSize                     = 122916538                              {pd product} {ergonomic}
    uintx ReservedCodeCacheSize                    = 251658240                              {pd product} {ergonomic}
     bool SegmentedCodeCache                       = true                                      {product} {ergonomic}
     bool UseCompressedClassPointers               = true                                 {lp64_product} {ergonomic}
     bool UseCompressedOops                        = true                                 {lp64_product} {ergonomic}
     bool UseG1GC                                  = true                                      {product} {ergonomic}

Logging:
Log output configuration:
 #0: stdout all=warning uptime,level,tags
 #1: stderr all=off uptime,level,tags

Environment Variables:
JAVA_HOME=/usr/lib/jvm/java-12-oracle
PATH=/usr/local/sbin:/usr/local/bin:/usr/sbin:/usr/bin:/sbin:/bin:/usr/games:/usr/local/games:/snap/bin:/usr/lib/jvm/java-12-oracle/bin:/usr/lib/jvm/java-12-oracle/db/bin
USERNAME=adham
SHELL=/bin/bash
DISPLAY=:0

Signal Handlers:
SIGSEGV: [libjvm.so+0xe44380], sa_mask[0]=11111111011111111101111111111110, sa_flags=SA_RESTART|SA_SIGINFO
SIGBUS: [libjvm.so+0xe44380], sa_mask[0]=11111111011111111101111111111110, sa_flags=SA_RESTART|SA_SIGINFO
SIGFPE: [libjvm.so+0xe44380], sa_mask[0]=11111111011111111101111111111110, sa_flags=SA_RESTART|SA_SIGINFO
SIGPIPE: [libjvm.so+0xbf3e70], sa_mask[0]=11111111011111111101111111111110, sa_flags=SA_RESTART|SA_SIGINFO
SIGXFSZ: [libjvm.so+0xbf3e70], sa_mask[0]=11111111011111111101111111111110, sa_flags=SA_RESTART|SA_SIGINFO
SIGILL: [libjvm.so+0xe44380], sa_mask[0]=11111111011111111101111111111110, sa_flags=SA_RESTART|SA_SIGINFO
SIGUSR2: [libjvm.so+0xbf3d10], sa_mask[0]=00100000000000000000000000000000, sa_flags=SA_RESTART|SA_SIGINFO
SIGHUP: [libjvm.so+0xbf4070], sa_mask[0]=11111111011111111101111111111110, sa_flags=SA_RESTART|SA_SIGINFO
SIGINT: [libjvm.so+0xbf4070], sa_mask[0]=11111111011111111101111111111110, sa_flags=SA_RESTART|SA_SIGINFO
SIGTERM: [libjvm.so+0xbf4070], sa_mask[0]=11111111011111111101111111111110, sa_flags=SA_RESTART|SA_SIGINFO
SIGQUIT: [libjvm.so+0xbf4070], sa_mask[0]=11111111011111111101111111111110, sa_flags=SA_RESTART|SA_SIGINFO


---------------  S Y S T E M  ---------------

OS:DISTRIB_ID=Ubuntu
DISTRIB_RELEASE=18.04
DISTRIB_CODENAME=bionic
DISTRIB_DESCRIPTION="Ubuntu 18.04.3 LTS"
uname:Linux 5.0.0-32-generic #34~18.04.2-Ubuntu SMP Thu Oct 10 10:36:02 UTC 2019 x86_64
libc:glibc 2.27 NPTL 2.27 
rlimit: STACK 8192k, CORE 0k, NPROC 15559, NOFILE 1048576, AS infinity, DATA infinity, FSIZE infinity
load average:2.06 1.62 1.21

/proc/meminfo:
MemTotal:        4031420 kB
MemFree:          105692 kB
MemAvailable:      29068 kB
Buffers:            2160 kB
Cached:           203892 kB
SwapCached:        75616 kB
Active:          3020128 kB
Inactive:         626632 kB
Active(anon):    3001092 kB
Inactive(anon):   600228 kB
Active(file):      19036 kB
Inactive(file):    26404 kB
Unevictable:          16 kB
Mlocked:              16 kB
SwapTotal:       2097148 kB
SwapFree:              0 kB
Dirty:               480 kB
Writeback:             0 kB
AnonPages:       3367276 kB
Mapped:           193932 kB
Shmem:            160372 kB
KReclaimable:      44680 kB
Slab:             105796 kB
SReclaimable:      44680 kB
SUnreclaim:        61116 kB
KernelStack:       19584 kB
PageTables:        80984 kB
NFS_Unstable:          0 kB
Bounce:                0 kB
WritebackTmp:          0 kB
CommitLimit:     4112856 kB
Committed_AS:   12987220 kB
VmallocTotal:   34359738367 kB
VmallocUsed:           0 kB
VmallocChunk:          0 kB
Percpu:            10624 kB
HardwareCorrupted:     0 kB
AnonHugePages:         0 kB
ShmemHugePages:        0 kB
ShmemPmdMapped:        0 kB
CmaTotal:              0 kB
CmaFree:               0 kB
HugePages_Total:       0
HugePages_Free:        0
HugePages_Rsvd:        0
HugePages_Surp:        0
Hugepagesize:       2048 kB
Hugetlb:               0 kB
DirectMap4k:      225200 kB
DirectMap2M:     3969024 kB


/proc/sys/kernel/threads-max (system-wide limit on the number of threads):
31119


/proc/sys/vm/max_map_count (maximum number of memory map areas a process may have):
65530


/proc/sys/kernel/pid_max (system-wide limit on number of process identifiers):
32768



container (cgroup) information:
container_type: cgroupv1
cpu_cpuset_cpus: 0-1
cpu_memory_nodes: 0
active_processor_count: 2
cpu_quota: -1
cpu_period: 100000
cpu_shares: -1
memory_limit_in_bytes: -1
memory_and_swap_limit_in_bytes: -2
memory_soft_limit_in_bytes: -1
memory_usage_in_bytes: 3726241792
memory_max_usage_in_bytes: 26591232


CPU:total 2 (initial active 2) (2 cores per cpu, 1 threads per core) family 6 model 78 stepping 3, cmov, cx8, fxsr, mmx, sse, sse2, sse3, ssse3, sse4.1, sse4.2, popcnt, avx, avx2, aes, clmul, erms, 3dnowpref, lzcnt, tsc, tscinvbit, bmi1, bmi2, adx, fma
CPU Model and flags from /proc/cpuinfo:
model name	: Intel(R) Core(TM) i5-6360U CPU @ 2.00GHz
flags		: fpu vme de pse tsc msr pae mce cx8 apic sep mtrr pge mca cmov pat pse36 clflush mmx fxsr sse sse2 ss ht syscall nx rdtscp lm constant_tsc nopl xtopology nonstop_tsc cpuid tsc_known_freq pni pclmulqdq ssse3 fma cx16 pcid sse4_1 sse4_2 x2apic movbe popcnt tsc_deadline_timer aes xsave avx f16c rdrand hypervisor lahf_lm abm 3dnowprefetch invpcid_single pti fsgsbase tsc_adjust bmi1 hle avx2 smep bmi2 invpcid mpx rdseed adx smap clflushopt xsaveopt xsavec xsaves dtherm arat pln pts

Memory: 4k page, physical 4031420k(105188k free), swap 2097148k(0k free)

vm_info: Java HotSpot(TM) 64-Bit Server VM (12.0.2+10) for linux-amd64 JRE (12.0.2+10), built on Jul 16 2019 00:56:35 by "mach5one" with gcc 7.3.0

END.
